[0.480s] Invoking command in '/home/maddy/drone_ws/src/drone_rl': PYTHONPATH=/home/maddy/drone_ws/src/build/drone_rl/prefix_override:/usr/lib/python3/dist-packages/colcon_core/task/python/colcon_distutils_commands:/home/maddy/drone_ws/src/install/drone_rl/lib/python3.10/site-packages:${PYTHONPATH} /usr/bin/python3 -W ignore:setup.py install is deprecated -W ignore:easy_install command is deprecated setup.py egg_info --egg-base ../build/drone_rl build --build-base /home/maddy/drone_ws/src/build/drone_rl/build install --record /home/maddy/drone_ws/src/build/drone_rl/install.log --single-version-externally-managed install_data
[0.636s] running egg_info
[0.637s] writing ../build/drone_rl/drone_rl.egg-info/PKG-INFO
[0.637s] writing dependency_links to ../build/drone_rl/drone_rl.egg-info/dependency_links.txt
[0.637s] writing entry points to ../build/drone_rl/drone_rl.egg-info/entry_points.txt
[0.637s] writing requirements to ../build/drone_rl/drone_rl.egg-info/requires.txt
[0.637s] writing top-level names to ../build/drone_rl/drone_rl.egg-info/top_level.txt
[0.638s] reading manifest file '../build/drone_rl/drone_rl.egg-info/SOURCES.txt'
[0.639s] writing manifest file '../build/drone_rl/drone_rl.egg-info/SOURCES.txt'
[0.639s] running build
[0.639s] running build_py
[0.639s] running install
[0.639s] running install_lib
[0.640s] running install_data
[0.640s] running install_egg_info
[0.641s] removing '/home/maddy/drone_ws/src/install/drone_rl/lib/python3.10/site-packages/drone_rl-1.0.0-py3.10.egg-info' (and everything under it)
[0.642s] Copying ../build/drone_rl/drone_rl.egg-info to /home/maddy/drone_ws/src/install/drone_rl/lib/python3.10/site-packages/drone_rl-1.0.0-py3.10.egg-info
[0.642s] running install_scripts
[0.654s] Installing environment_interface script to /home/maddy/drone_ws/src/install/drone_rl/bin
[0.654s] Installing exploration_metrics script to /home/maddy/drone_ws/src/install/drone_rl/bin
[0.654s] Installing q_learning_agent script to /home/maddy/drone_ws/src/install/drone_rl/bin
[0.655s] writing list of installed files to '/home/maddy/drone_ws/src/build/drone_rl/install.log'
[0.674s] Invoked command in '/home/maddy/drone_ws/src/drone_rl' returned '0': PYTHONPATH=/home/maddy/drone_ws/src/build/drone_rl/prefix_override:/usr/lib/python3/dist-packages/colcon_core/task/python/colcon_distutils_commands:/home/maddy/drone_ws/src/install/drone_rl/lib/python3.10/site-packages:${PYTHONPATH} /usr/bin/python3 -W ignore:setup.py install is deprecated -W ignore:easy_install command is deprecated setup.py egg_info --egg-base ../build/drone_rl build --build-base /home/maddy/drone_ws/src/build/drone_rl/build install --record /home/maddy/drone_ws/src/build/drone_rl/install.log --single-version-externally-managed install_data
