running egg_info
writing ../../build/drone_rl/drone_rl.egg-info/PKG-INFO
writing dependency_links to ../../build/drone_rl/drone_rl.egg-info/dependency_links.txt
writing entry points to ../../build/drone_rl/drone_rl.egg-info/entry_points.txt
writing requirements to ../../build/drone_rl/drone_rl.egg-info/requires.txt
writing top-level names to ../../build/drone_rl/drone_rl.egg-info/top_level.txt
reading manifest file '../../build/drone_rl/drone_rl.egg-info/SOURCES.txt'
writing manifest file '../../build/drone_rl/drone_rl.egg-info/SOURCES.txt'
running build
running build_py
running install
running install_lib
running install_data
copying urdf/drone_simple.urdf -> /home/maddy/drone_ws/install/drone_rl/share/drone_rl/urdf
running install_egg_info
removing '/home/maddy/drone_ws/install/drone_rl/lib/python3.10/site-packages/drone_rl-1.0.0-py3.10.egg-info' (and everything under it)
Copying ../../build/drone_rl/drone_rl.egg-info to /home/maddy/drone_ws/install/drone_rl/lib/python3.10/site-packages/drone_rl-1.0.0-py3.10.egg-info
running install_scripts
Installing environment_interface script to /home/maddy/drone_ws/install/drone_rl/bin
Installing exploration_metrics script to /home/maddy/drone_ws/install/drone_rl/bin
Installing q_learning_agent script to /home/maddy/drone_ws/install/drone_rl/bin
writing list of installed files to '/home/maddy/drone_ws/build/drone_rl/install.log'
