[0.540s] Invoking command in '/home/maddy/drone_ws/build/drone_rl': PYTHONPATH=/home/maddy/drone_ws/build/drone_rl/prefix_override:/usr/lib/python3/dist-packages/colcon_core/task/python/colcon_distutils_commands:/home/maddy/drone_ws/install/drone_rl/lib/python3.10/site-packages:${PYTHONPATH} /usr/bin/python3 -W ignore:setup.py install is deprecated -W ignore:easy_install command is deprecated setup.py develop --editable --build-directory /home/maddy/drone_ws/build/drone_rl/build --no-deps symlink_data --force
[0.723s] running develop
[0.884s] running egg_info
[0.884s] writing drone_rl.egg-info/PKG-INFO
[0.885s] writing dependency_links to drone_rl.egg-info/dependency_links.txt
[0.885s] writing entry points to drone_rl.egg-info/entry_points.txt
[0.885s] writing requirements to drone_rl.egg-info/requires.txt
[0.885s] writing top-level names to drone_rl.egg-info/top_level.txt
[0.887s] reading manifest file 'drone_rl.egg-info/SOURCES.txt'
[0.887s] writing manifest file 'drone_rl.egg-info/SOURCES.txt'
[0.888s] running build_ext
[0.888s] Creating /home/maddy/drone_ws/install/drone_rl/lib/python3.10/site-packages/drone-rl.egg-link (link to .)
[0.889s] Installing environment_interface script to /home/maddy/drone_ws/install/drone_rl/bin
[0.889s] Installing exploration_metrics script to /home/maddy/drone_ws/install/drone_rl/bin
[0.889s] Installing q_learning_agent script to /home/maddy/drone_ws/install/drone_rl/bin
[0.889s] 
[0.889s] Installed /home/maddy/drone_ws/build/drone_rl
[0.889s] running symlink_data
[0.889s] symbolically linking /home/maddy/drone_ws/build/drone_rl/resource/drone_rl -> /home/maddy/drone_ws/install/drone_rl/share/ament_index/resource_index/packages
[0.890s] symbolically linking /home/maddy/drone_ws/build/drone_rl/package.xml -> /home/maddy/drone_ws/install/drone_rl/share/drone_rl
[0.890s] symbolically linking /home/maddy/drone_ws/build/drone_rl/launch/sim_launch.py -> /home/maddy/drone_ws/install/drone_rl/share/drone_rl/launch
[0.890s] symbolically linking /home/maddy/drone_ws/build/drone_rl/launch/test_launch.py -> /home/maddy/drone_ws/install/drone_rl/share/drone_rl/launch
[0.890s] symbolically linking /home/maddy/drone_ws/build/drone_rl/config/drone_config.yaml -> /home/maddy/drone_ws/install/drone_rl/share/drone_rl/config
[0.890s] symbolically linking /home/maddy/drone_ws/build/drone_rl/config/drone_exploration.rviz -> /home/maddy/drone_ws/install/drone_rl/share/drone_rl/config
[0.890s] symbolically linking /home/maddy/drone_ws/build/drone_rl/urdf/drone.urdf.xacro -> /home/maddy/drone_ws/install/drone_rl/share/drone_rl/urdf
[0.890s] symbolically linking /home/maddy/drone_ws/build/drone_rl/urdf/drone_simple.urdf -> /home/maddy/drone_ws/install/drone_rl/share/drone_rl/urdf
[0.890s] symbolically linking /home/maddy/drone_ws/build/drone_rl/worlds/exploration_world.world -> /home/maddy/drone_ws/install/drone_rl/share/drone_rl/worlds
[0.890s] symbolically linking /home/maddy/drone_ws/build/drone_rl/scripts/quick_start.sh -> /home/maddy/drone_ws/install/drone_rl/share/drone_rl/scripts
[0.925s] Invoked command in '/home/maddy/drone_ws/build/drone_rl' returned '0': PYTHONPATH=/home/maddy/drone_ws/build/drone_rl/prefix_override:/usr/lib/python3/dist-packages/colcon_core/task/python/colcon_distutils_commands:/home/maddy/drone_ws/install/drone_rl/lib/python3.10/site-packages:${PYTHONPATH} /usr/bin/python3 -W ignore:setup.py install is deprecated -W ignore:easy_install command is deprecated setup.py develop --editable --build-directory /home/maddy/drone_ws/build/drone_rl/build --no-deps symlink_data --force
