[0.066s] DEBUG:colcon:Command line arguments: ['/usr/bin/colcon', 'build', '--packages-select', 'drone_rl']
[0.066s] DEBUG:colcon:Parsed command line arguments: Namespace(log_base=None, log_level=None, verb_name='build', build_base='build', install_base='install', merge_install=False, symlink_install=False, test_result_base=None, continue_on_error=False, executor='parallel', parallel_workers=16, event_handlers=None, ignore_user_meta=False, metas=['./colcon.meta'], base_paths=['.'], packages_ignore=None, packages_ignore_regex=None, paths=None, packages_up_to=None, packages_up_to_regex=None, packages_above=None, packages_above_and_dependencies=None, packages_above_depth=None, packages_select_by_dep=None, packages_skip_by_dep=None, packages_skip_up_to=None, packages_select_build_failed=False, packages_skip_build_finished=False, packages_select_test_failures=False, packages_skip_test_passed=False, packages_select=['drone_rl'], packages_skip=None, packages_select_regex=None, packages_skip_regex=None, packages_start=None, packages_end=None, allow_overriding=[], cmake_args=None, cmake_target=None, cmake_target_skip_unavailable=False, cmake_clean_cache=False, cmake_clean_first=False, cmake_force_configure=False, ament_cmake_args=None, catkin_cmake_args=None, catkin_skip_building_tests=False, verb_parser=<colcon_defaults.argument_parser.defaults.DefaultArgumentsDecorator object at 0x77d6590643a0>, verb_extension=<colcon_core.verb.build.BuildVerb object at 0x77d65902ff10>, main=<bound method BuildVerb.main of <colcon_core.verb.build.BuildVerb object at 0x77d65902ff10>>)
[0.196s] Level 1:colcon.colcon_core.package_discovery:discover_packages(colcon_meta) check parameters
[0.196s] Level 1:colcon.colcon_core.package_discovery:discover_packages(recursive) check parameters
[0.196s] Level 1:colcon.colcon_core.package_discovery:discover_packages(ignore) check parameters
[0.196s] Level 1:colcon.colcon_core.package_discovery:discover_packages(path) check parameters
[0.196s] Level 1:colcon.colcon_core.package_discovery:discover_packages(colcon_meta) discover
[0.196s] Level 1:colcon.colcon_core.package_discovery:discover_packages(recursive) discover
[0.196s] INFO:colcon.colcon_core.package_discovery:Crawling recursively for packages in '/home/maddy/drone_ws/src'
[0.196s] Level 1:colcon.colcon_core.package_identification:_identify(.) by extensions ['ignore', 'ignore_ament_install']
[0.196s] Level 1:colcon.colcon_core.package_identification:_identify(.) by extension 'ignore'
[0.196s] Level 1:colcon.colcon_core.package_identification:_identify(.) by extension 'ignore_ament_install'
[0.196s] Level 1:colcon.colcon_core.package_identification:_identify(.) by extensions ['colcon_pkg']
[0.196s] Level 1:colcon.colcon_core.package_identification:_identify(.) by extension 'colcon_pkg'
[0.196s] Level 1:colcon.colcon_core.package_identification:_identify(.) by extensions ['colcon_meta']
[0.196s] Level 1:colcon.colcon_core.package_identification:_identify(.) by extension 'colcon_meta'
[0.196s] Level 1:colcon.colcon_core.package_identification:_identify(.) by extensions ['ros']
[0.196s] Level 1:colcon.colcon_core.package_identification:_identify(.) by extension 'ros'
[0.202s] Level 1:colcon.colcon_core.package_identification:_identify(.) by extensions ['cmake', 'python']
[0.202s] Level 1:colcon.colcon_core.package_identification:_identify(.) by extension 'cmake'
[0.202s] Level 1:colcon.colcon_core.package_identification:_identify(.) by extension 'python'
[0.202s] Level 1:colcon.colcon_core.package_identification:_identify(.) by extensions ['python_setup_py']
[0.202s] Level 1:colcon.colcon_core.package_identification:_identify(.) by extension 'python_setup_py'
[0.203s] Level 1:colcon.colcon_core.package_identification:_identify(build) by extensions ['ignore', 'ignore_ament_install']
[0.203s] Level 1:colcon.colcon_core.package_identification:_identify(build) by extension 'ignore'
[0.203s] Level 1:colcon.colcon_core.package_identification:_identify(build) ignored
[0.203s] Level 1:colcon.colcon_core.package_identification:_identify(drone_rl) by extensions ['ignore', 'ignore_ament_install']
[0.203s] Level 1:colcon.colcon_core.package_identification:_identify(drone_rl) by extension 'ignore'
[0.203s] Level 1:colcon.colcon_core.package_identification:_identify(drone_rl) by extension 'ignore_ament_install'
[0.203s] Level 1:colcon.colcon_core.package_identification:_identify(drone_rl) by extensions ['colcon_pkg']
[0.203s] Level 1:colcon.colcon_core.package_identification:_identify(drone_rl) by extension 'colcon_pkg'
[0.203s] Level 1:colcon.colcon_core.package_identification:_identify(drone_rl) by extensions ['colcon_meta']
[0.203s] Level 1:colcon.colcon_core.package_identification:_identify(drone_rl) by extension 'colcon_meta'
[0.203s] Level 1:colcon.colcon_core.package_identification:_identify(drone_rl) by extensions ['ros']
[0.203s] Level 1:colcon.colcon_core.package_identification:_identify(drone_rl) by extension 'ros'
[0.205s] DEBUG:colcon.colcon_core.package_identification:Package 'drone_rl' with type 'ros.ament_python' and name 'drone_rl'
[0.205s] Level 1:colcon.colcon_core.package_identification:_identify(gazebo_ros_demos) by extensions ['ignore', 'ignore_ament_install']
[0.205s] Level 1:colcon.colcon_core.package_identification:_identify(gazebo_ros_demos) by extension 'ignore'
[0.205s] Level 1:colcon.colcon_core.package_identification:_identify(gazebo_ros_demos) by extension 'ignore_ament_install'
[0.205s] Level 1:colcon.colcon_core.package_identification:_identify(gazebo_ros_demos) by extensions ['colcon_pkg']
[0.205s] Level 1:colcon.colcon_core.package_identification:_identify(gazebo_ros_demos) by extension 'colcon_pkg'
[0.205s] Level 1:colcon.colcon_core.package_identification:_identify(gazebo_ros_demos) by extensions ['colcon_meta']
[0.205s] Level 1:colcon.colcon_core.package_identification:_identify(gazebo_ros_demos) by extension 'colcon_meta'
[0.205s] Level 1:colcon.colcon_core.package_identification:_identify(gazebo_ros_demos) by extensions ['ros']
[0.205s] Level 1:colcon.colcon_core.package_identification:_identify(gazebo_ros_demos) by extension 'ros'
[0.206s] Level 1:colcon.colcon_core.package_identification:_identify(gazebo_ros_demos) by extensions ['cmake', 'python']
[0.206s] Level 1:colcon.colcon_core.package_identification:_identify(gazebo_ros_demos) by extension 'cmake'
[0.206s] Level 1:colcon.colcon_core.package_identification:_identify(gazebo_ros_demos) by extension 'python'
[0.206s] Level 1:colcon.colcon_core.package_identification:_identify(gazebo_ros_demos) by extensions ['python_setup_py']
[0.206s] Level 1:colcon.colcon_core.package_identification:_identify(gazebo_ros_demos) by extension 'python_setup_py'
[0.206s] Level 1:colcon.colcon_core.package_identification:_identify(gazebo_ros_demos/gazebo_tutorials) by extensions ['ignore', 'ignore_ament_install']
[0.206s] Level 1:colcon.colcon_core.package_identification:_identify(gazebo_ros_demos/gazebo_tutorials) by extension 'ignore'
[0.206s] Level 1:colcon.colcon_core.package_identification:_identify(gazebo_ros_demos/gazebo_tutorials) by extension 'ignore_ament_install'
[0.206s] Level 1:colcon.colcon_core.package_identification:_identify(gazebo_ros_demos/gazebo_tutorials) by extensions ['colcon_pkg']
[0.206s] Level 1:colcon.colcon_core.package_identification:_identify(gazebo_ros_demos/gazebo_tutorials) by extension 'colcon_pkg'
[0.206s] Level 1:colcon.colcon_core.package_identification:_identify(gazebo_ros_demos/gazebo_tutorials) by extensions ['colcon_meta']
[0.206s] Level 1:colcon.colcon_core.package_identification:_identify(gazebo_ros_demos/gazebo_tutorials) by extension 'colcon_meta'
[0.206s] Level 1:colcon.colcon_core.package_identification:_identify(gazebo_ros_demos/gazebo_tutorials) by extensions ['ros']
[0.206s] Level 1:colcon.colcon_core.package_identification:_identify(gazebo_ros_demos/gazebo_tutorials) by extension 'ros'
[0.206s] DEBUG:colcon.colcon_core.package_identification:Package 'gazebo_ros_demos/gazebo_tutorials' with type 'ros.catkin' and name 'gazebo_tutorials'
[0.206s] Level 1:colcon.colcon_core.package_identification:_identify(gazebo_ros_demos/rrbot_control) by extensions ['ignore', 'ignore_ament_install']
[0.206s] Level 1:colcon.colcon_core.package_identification:_identify(gazebo_ros_demos/rrbot_control) by extension 'ignore'
[0.206s] Level 1:colcon.colcon_core.package_identification:_identify(gazebo_ros_demos/rrbot_control) by extension 'ignore_ament_install'
[0.206s] Level 1:colcon.colcon_core.package_identification:_identify(gazebo_ros_demos/rrbot_control) by extensions ['colcon_pkg']
[0.206s] Level 1:colcon.colcon_core.package_identification:_identify(gazebo_ros_demos/rrbot_control) by extension 'colcon_pkg'
[0.206s] Level 1:colcon.colcon_core.package_identification:_identify(gazebo_ros_demos/rrbot_control) by extensions ['colcon_meta']
[0.206s] Level 1:colcon.colcon_core.package_identification:_identify(gazebo_ros_demos/rrbot_control) by extension 'colcon_meta'
[0.206s] Level 1:colcon.colcon_core.package_identification:_identify(gazebo_ros_demos/rrbot_control) by extensions ['ros']
[0.206s] Level 1:colcon.colcon_core.package_identification:_identify(gazebo_ros_demos/rrbot_control) by extension 'ros'
[0.207s] DEBUG:colcon.colcon_core.package_identification:Package 'gazebo_ros_demos/rrbot_control' with type 'ros.catkin' and name 'rrbot_control'
[0.207s] Level 1:colcon.colcon_core.package_identification:_identify(gazebo_ros_demos/rrbot_description) by extensions ['ignore', 'ignore_ament_install']
[0.207s] Level 1:colcon.colcon_core.package_identification:_identify(gazebo_ros_demos/rrbot_description) by extension 'ignore'
[0.207s] Level 1:colcon.colcon_core.package_identification:_identify(gazebo_ros_demos/rrbot_description) by extension 'ignore_ament_install'
[0.207s] Level 1:colcon.colcon_core.package_identification:_identify(gazebo_ros_demos/rrbot_description) by extensions ['colcon_pkg']
[0.207s] Level 1:colcon.colcon_core.package_identification:_identify(gazebo_ros_demos/rrbot_description) by extension 'colcon_pkg'
[0.207s] Level 1:colcon.colcon_core.package_identification:_identify(gazebo_ros_demos/rrbot_description) by extensions ['colcon_meta']
[0.207s] Level 1:colcon.colcon_core.package_identification:_identify(gazebo_ros_demos/rrbot_description) by extension 'colcon_meta'
[0.207s] Level 1:colcon.colcon_core.package_identification:_identify(gazebo_ros_demos/rrbot_description) by extensions ['ros']
[0.207s] Level 1:colcon.colcon_core.package_identification:_identify(gazebo_ros_demos/rrbot_description) by extension 'ros'
[0.207s] DEBUG:colcon.colcon_core.package_identification:Package 'gazebo_ros_demos/rrbot_description' with type 'ros.catkin' and name 'rrbot_description'
[0.207s] Level 1:colcon.colcon_core.package_identification:_identify(gazebo_ros_demos/rrbot_gazebo) by extensions ['ignore', 'ignore_ament_install']
[0.207s] Level 1:colcon.colcon_core.package_identification:_identify(gazebo_ros_demos/rrbot_gazebo) by extension 'ignore'
[0.207s] Level 1:colcon.colcon_core.package_identification:_identify(gazebo_ros_demos/rrbot_gazebo) by extension 'ignore_ament_install'
[0.207s] Level 1:colcon.colcon_core.package_identification:_identify(gazebo_ros_demos/rrbot_gazebo) by extensions ['colcon_pkg']
[0.207s] Level 1:colcon.colcon_core.package_identification:_identify(gazebo_ros_demos/rrbot_gazebo) by extension 'colcon_pkg'
[0.207s] Level 1:colcon.colcon_core.package_identification:_identify(gazebo_ros_demos/rrbot_gazebo) by extensions ['colcon_meta']
[0.207s] Level 1:colcon.colcon_core.package_identification:_identify(gazebo_ros_demos/rrbot_gazebo) by extension 'colcon_meta'
[0.207s] Level 1:colcon.colcon_core.package_identification:_identify(gazebo_ros_demos/rrbot_gazebo) by extensions ['ros']
[0.207s] Level 1:colcon.colcon_core.package_identification:_identify(gazebo_ros_demos/rrbot_gazebo) by extension 'ros'
[0.208s] DEBUG:colcon.colcon_core.package_identification:Package 'gazebo_ros_demos/rrbot_gazebo' with type 'ros.catkin' and name 'rrbot_gazebo'
[0.208s] Level 1:colcon.colcon_core.package_identification:_identify(install) by extensions ['ignore', 'ignore_ament_install']
[0.208s] Level 1:colcon.colcon_core.package_identification:_identify(install) by extension 'ignore'
[0.208s] Level 1:colcon.colcon_core.package_identification:_identify(install) ignored
[0.208s] Level 1:colcon.colcon_core.package_identification:_identify(log) by extensions ['ignore', 'ignore_ament_install']
[0.208s] Level 1:colcon.colcon_core.package_identification:_identify(log) by extension 'ignore'
[0.208s] Level 1:colcon.colcon_core.package_identification:_identify(log) ignored
[0.208s] Level 1:colcon.colcon_core.package_identification:_identify(rtabmap_ros) by extensions ['ignore', 'ignore_ament_install']
[0.208s] Level 1:colcon.colcon_core.package_identification:_identify(rtabmap_ros) by extension 'ignore'
[0.208s] Level 1:colcon.colcon_core.package_identification:_identify(rtabmap_ros) by extension 'ignore_ament_install'
[0.208s] Level 1:colcon.colcon_core.package_identification:_identify(rtabmap_ros) by extensions ['colcon_pkg']
[0.208s] Level 1:colcon.colcon_core.package_identification:_identify(rtabmap_ros) by extension 'colcon_pkg'
[0.208s] Level 1:colcon.colcon_core.package_identification:_identify(rtabmap_ros) by extensions ['colcon_meta']
[0.208s] Level 1:colcon.colcon_core.package_identification:_identify(rtabmap_ros) by extension 'colcon_meta'
[0.208s] Level 1:colcon.colcon_core.package_identification:_identify(rtabmap_ros) by extensions ['ros']
[0.208s] Level 1:colcon.colcon_core.package_identification:_identify(rtabmap_ros) by extension 'ros'
[0.208s] Level 1:colcon.colcon_core.package_identification:_identify(rtabmap_ros) by extensions ['cmake', 'python']
[0.208s] Level 1:colcon.colcon_core.package_identification:_identify(rtabmap_ros) by extension 'cmake'
[0.208s] Level 1:colcon.colcon_core.package_identification:_identify(rtabmap_ros) by extension 'python'
[0.208s] Level 1:colcon.colcon_core.package_identification:_identify(rtabmap_ros) by extensions ['python_setup_py']
[0.208s] Level 1:colcon.colcon_core.package_identification:_identify(rtabmap_ros) by extension 'python_setup_py'
[0.208s] Level 1:colcon.colcon_core.package_identification:_identify(rtabmap_ros/docker) by extensions ['ignore', 'ignore_ament_install']
[0.208s] Level 1:colcon.colcon_core.package_identification:_identify(rtabmap_ros/docker) by extension 'ignore'
[0.208s] Level 1:colcon.colcon_core.package_identification:_identify(rtabmap_ros/docker) by extension 'ignore_ament_install'
[0.208s] Level 1:colcon.colcon_core.package_identification:_identify(rtabmap_ros/docker) by extensions ['colcon_pkg']
[0.208s] Level 1:colcon.colcon_core.package_identification:_identify(rtabmap_ros/docker) by extension 'colcon_pkg'
[0.208s] Level 1:colcon.colcon_core.package_identification:_identify(rtabmap_ros/docker) by extensions ['colcon_meta']
[0.208s] Level 1:colcon.colcon_core.package_identification:_identify(rtabmap_ros/docker) by extension 'colcon_meta'
[0.208s] Level 1:colcon.colcon_core.package_identification:_identify(rtabmap_ros/docker) by extensions ['ros']
[0.208s] Level 1:colcon.colcon_core.package_identification:_identify(rtabmap_ros/docker) by extension 'ros'
[0.209s] Level 1:colcon.colcon_core.package_identification:_identify(rtabmap_ros/docker) by extensions ['cmake', 'python']
[0.209s] Level 1:colcon.colcon_core.package_identification:_identify(rtabmap_ros/docker) by extension 'cmake'
[0.209s] Level 1:colcon.colcon_core.package_identification:_identify(rtabmap_ros/docker) by extension 'python'
[0.209s] Level 1:colcon.colcon_core.package_identification:_identify(rtabmap_ros/docker) by extensions ['python_setup_py']
[0.209s] Level 1:colcon.colcon_core.package_identification:_identify(rtabmap_ros/docker) by extension 'python_setup_py'
[0.209s] Level 1:colcon.colcon_core.package_identification:_identify(rtabmap_ros/docker/foxy) by extensions ['ignore', 'ignore_ament_install']
[0.209s] Level 1:colcon.colcon_core.package_identification:_identify(rtabmap_ros/docker/foxy) by extension 'ignore'
[0.209s] Level 1:colcon.colcon_core.package_identification:_identify(rtabmap_ros/docker/foxy) by extension 'ignore_ament_install'
[0.209s] Level 1:colcon.colcon_core.package_identification:_identify(rtabmap_ros/docker/foxy) by extensions ['colcon_pkg']
[0.209s] Level 1:colcon.colcon_core.package_identification:_identify(rtabmap_ros/docker/foxy) by extension 'colcon_pkg'
[0.209s] Level 1:colcon.colcon_core.package_identification:_identify(rtabmap_ros/docker/foxy) by extensions ['colcon_meta']
[0.209s] Level 1:colcon.colcon_core.package_identification:_identify(rtabmap_ros/docker/foxy) by extension 'colcon_meta'
[0.209s] Level 1:colcon.colcon_core.package_identification:_identify(rtabmap_ros/docker/foxy) by extensions ['ros']
[0.209s] Level 1:colcon.colcon_core.package_identification:_identify(rtabmap_ros/docker/foxy) by extension 'ros'
[0.209s] Level 1:colcon.colcon_core.package_identification:_identify(rtabmap_ros/docker/foxy) by extensions ['cmake', 'python']
[0.209s] Level 1:colcon.colcon_core.package_identification:_identify(rtabmap_ros/docker/foxy) by extension 'cmake'
[0.209s] Level 1:colcon.colcon_core.package_identification:_identify(rtabmap_ros/docker/foxy) by extension 'python'
[0.209s] Level 1:colcon.colcon_core.package_identification:_identify(rtabmap_ros/docker/foxy) by extensions ['python_setup_py']
[0.209s] Level 1:colcon.colcon_core.package_identification:_identify(rtabmap_ros/docker/foxy) by extension 'python_setup_py'
[0.209s] Level 1:colcon.colcon_core.package_identification:_identify(rtabmap_ros/docker/foxy/latest) by extensions ['ignore', 'ignore_ament_install']
[0.210s] Level 1:colcon.colcon_core.package_identification:_identify(rtabmap_ros/docker/foxy/latest) by extension 'ignore'
[0.210s] Level 1:colcon.colcon_core.package_identification:_identify(rtabmap_ros/docker/foxy/latest) by extension 'ignore_ament_install'
[0.210s] Level 1:colcon.colcon_core.package_identification:_identify(rtabmap_ros/docker/foxy/latest) by extensions ['colcon_pkg']
[0.210s] Level 1:colcon.colcon_core.package_identification:_identify(rtabmap_ros/docker/foxy/latest) by extension 'colcon_pkg'
[0.210s] Level 1:colcon.colcon_core.package_identification:_identify(rtabmap_ros/docker/foxy/latest) by extensions ['colcon_meta']
[0.210s] Level 1:colcon.colcon_core.package_identification:_identify(rtabmap_ros/docker/foxy/latest) by extension 'colcon_meta'
[0.210s] Level 1:colcon.colcon_core.package_identification:_identify(rtabmap_ros/docker/foxy/latest) by extensions ['ros']
[0.210s] Level 1:colcon.colcon_core.package_identification:_identify(rtabmap_ros/docker/foxy/latest) by extension 'ros'
[0.210s] Level 1:colcon.colcon_core.package_identification:_identify(rtabmap_ros/docker/foxy/latest) by extensions ['cmake', 'python']
[0.210s] Level 1:colcon.colcon_core.package_identification:_identify(rtabmap_ros/docker/foxy/latest) by extension 'cmake'
[0.210s] Level 1:colcon.colcon_core.package_identification:_identify(rtabmap_ros/docker/foxy/latest) by extension 'python'
[0.210s] Level 1:colcon.colcon_core.package_identification:_identify(rtabmap_ros/docker/foxy/latest) by extensions ['python_setup_py']
[0.210s] Level 1:colcon.colcon_core.package_identification:_identify(rtabmap_ros/docker/foxy/latest) by extension 'python_setup_py'
[0.210s] Level 1:colcon.colcon_core.package_identification:_identify(rtabmap_ros/docker/foxy/latest/hooks) by extensions ['ignore', 'ignore_ament_install']
[0.210s] Level 1:colcon.colcon_core.package_identification:_identify(rtabmap_ros/docker/foxy/latest/hooks) by extension 'ignore'
[0.210s] Level 1:colcon.colcon_core.package_identification:_identify(rtabmap_ros/docker/foxy/latest/hooks) by extension 'ignore_ament_install'
[0.210s] Level 1:colcon.colcon_core.package_identification:_identify(rtabmap_ros/docker/foxy/latest/hooks) by extensions ['colcon_pkg']
[0.210s] Level 1:colcon.colcon_core.package_identification:_identify(rtabmap_ros/docker/foxy/latest/hooks) by extension 'colcon_pkg'
[0.210s] Level 1:colcon.colcon_core.package_identification:_identify(rtabmap_ros/docker/foxy/latest/hooks) by extensions ['colcon_meta']
[0.210s] Level 1:colcon.colcon_core.package_identification:_identify(rtabmap_ros/docker/foxy/latest/hooks) by extension 'colcon_meta'
[0.210s] Level 1:colcon.colcon_core.package_identification:_identify(rtabmap_ros/docker/foxy/latest/hooks) by extensions ['ros']
[0.210s] Level 1:colcon.colcon_core.package_identification:_identify(rtabmap_ros/docker/foxy/latest/hooks) by extension 'ros'
[0.210s] Level 1:colcon.colcon_core.package_identification:_identify(rtabmap_ros/docker/foxy/latest/hooks) by extensions ['cmake', 'python']
[0.210s] Level 1:colcon.colcon_core.package_identification:_identify(rtabmap_ros/docker/foxy/latest/hooks) by extension 'cmake'
[0.210s] Level 1:colcon.colcon_core.package_identification:_identify(rtabmap_ros/docker/foxy/latest/hooks) by extension 'python'
[0.210s] Level 1:colcon.colcon_core.package_identification:_identify(rtabmap_ros/docker/foxy/latest/hooks) by extensions ['python_setup_py']
[0.210s] Level 1:colcon.colcon_core.package_identification:_identify(rtabmap_ros/docker/foxy/latest/hooks) by extension 'python_setup_py'
[0.210s] Level 1:colcon.colcon_core.package_identification:_identify(rtabmap_ros/docker/humble) by extensions ['ignore', 'ignore_ament_install']
[0.210s] Level 1:colcon.colcon_core.package_identification:_identify(rtabmap_ros/docker/humble) by extension 'ignore'
[0.210s] Level 1:colcon.colcon_core.package_identification:_identify(rtabmap_ros/docker/humble) by extension 'ignore_ament_install'
[0.210s] Level 1:colcon.colcon_core.package_identification:_identify(rtabmap_ros/docker/humble) by extensions ['colcon_pkg']
[0.210s] Level 1:colcon.colcon_core.package_identification:_identify(rtabmap_ros/docker/humble) by extension 'colcon_pkg'
[0.210s] Level 1:colcon.colcon_core.package_identification:_identify(rtabmap_ros/docker/humble) by extensions ['colcon_meta']
[0.210s] Level 1:colcon.colcon_core.package_identification:_identify(rtabmap_ros/docker/humble) by extension 'colcon_meta'
[0.210s] Level 1:colcon.colcon_core.package_identification:_identify(rtabmap_ros/docker/humble) by extensions ['ros']
[0.210s] Level 1:colcon.colcon_core.package_identification:_identify(rtabmap_ros/docker/humble) by extension 'ros'
[0.210s] Level 1:colcon.colcon_core.package_identification:_identify(rtabmap_ros/docker/humble) by extensions ['cmake', 'python']
[0.210s] Level 1:colcon.colcon_core.package_identification:_identify(rtabmap_ros/docker/humble) by extension 'cmake'
[0.210s] Level 1:colcon.colcon_core.package_identification:_identify(rtabmap_ros/docker/humble) by extension 'python'
[0.210s] Level 1:colcon.colcon_core.package_identification:_identify(rtabmap_ros/docker/humble) by extensions ['python_setup_py']
[0.210s] Level 1:colcon.colcon_core.package_identification:_identify(rtabmap_ros/docker/humble) by extension 'python_setup_py'
[0.210s] Level 1:colcon.colcon_core.package_identification:_identify(rtabmap_ros/docker/humble/latest) by extensions ['ignore', 'ignore_ament_install']
[0.211s] Level 1:colcon.colcon_core.package_identification:_identify(rtabmap_ros/docker/humble/latest) by extension 'ignore'
[0.211s] Level 1:colcon.colcon_core.package_identification:_identify(rtabmap_ros/docker/humble/latest) by extension 'ignore_ament_install'
[0.211s] Level 1:colcon.colcon_core.package_identification:_identify(rtabmap_ros/docker/humble/latest) by extensions ['colcon_pkg']
[0.211s] Level 1:colcon.colcon_core.package_identification:_identify(rtabmap_ros/docker/humble/latest) by extension 'colcon_pkg'
[0.211s] Level 1:colcon.colcon_core.package_identification:_identify(rtabmap_ros/docker/humble/latest) by extensions ['colcon_meta']
[0.211s] Level 1:colcon.colcon_core.package_identification:_identify(rtabmap_ros/docker/humble/latest) by extension 'colcon_meta'
[0.211s] Level 1:colcon.colcon_core.package_identification:_identify(rtabmap_ros/docker/humble/latest) by extensions ['ros']
[0.211s] Level 1:colcon.colcon_core.package_identification:_identify(rtabmap_ros/docker/humble/latest) by extension 'ros'
[0.211s] Level 1:colcon.colcon_core.package_identification:_identify(rtabmap_ros/docker/humble/latest) by extensions ['cmake', 'python']
[0.211s] Level 1:colcon.colcon_core.package_identification:_identify(rtabmap_ros/docker/humble/latest) by extension 'cmake'
[0.211s] Level 1:colcon.colcon_core.package_identification:_identify(rtabmap_ros/docker/humble/latest) by extension 'python'
[0.211s] Level 1:colcon.colcon_core.package_identification:_identify(rtabmap_ros/docker/humble/latest) by extensions ['python_setup_py']
[0.211s] Level 1:colcon.colcon_core.package_identification:_identify(rtabmap_ros/docker/humble/latest) by extension 'python_setup_py'
[0.211s] Level 1:colcon.colcon_core.package_identification:_identify(rtabmap_ros/docker/indigo) by extensions ['ignore', 'ignore_ament_install']
[0.211s] Level 1:colcon.colcon_core.package_identification:_identify(rtabmap_ros/docker/indigo) by extension 'ignore'
[0.211s] Level 1:colcon.colcon_core.package_identification:_identify(rtabmap_ros/docker/indigo) by extension 'ignore_ament_install'
[0.211s] Level 1:colcon.colcon_core.package_identification:_identify(rtabmap_ros/docker/indigo) by extensions ['colcon_pkg']
[0.211s] Level 1:colcon.colcon_core.package_identification:_identify(rtabmap_ros/docker/indigo) by extension 'colcon_pkg'
[0.211s] Level 1:colcon.colcon_core.package_identification:_identify(rtabmap_ros/docker/indigo) by extensions ['colcon_meta']
[0.211s] Level 1:colcon.colcon_core.package_identification:_identify(rtabmap_ros/docker/indigo) by extension 'colcon_meta'
[0.211s] Level 1:colcon.colcon_core.package_identification:_identify(rtabmap_ros/docker/indigo) by extensions ['ros']
[0.211s] Level 1:colcon.colcon_core.package_identification:_identify(rtabmap_ros/docker/indigo) by extension 'ros'
[0.211s] Level 1:colcon.colcon_core.package_identification:_identify(rtabmap_ros/docker/indigo) by extensions ['cmake', 'python']
[0.211s] Level 1:colcon.colcon_core.package_identification:_identify(rtabmap_ros/docker/indigo) by extension 'cmake'
[0.211s] Level 1:colcon.colcon_core.package_identification:_identify(rtabmap_ros/docker/indigo) by extension 'python'
[0.211s] Level 1:colcon.colcon_core.package_identification:_identify(rtabmap_ros/docker/indigo) by extensions ['python_setup_py']
[0.211s] Level 1:colcon.colcon_core.package_identification:_identify(rtabmap_ros/docker/indigo) by extension 'python_setup_py'
[0.211s] Level 1:colcon.colcon_core.package_identification:_identify(rtabmap_ros/docker/indigo/latest) by extensions ['ignore', 'ignore_ament_install']
[0.211s] Level 1:colcon.colcon_core.package_identification:_identify(rtabmap_ros/docker/indigo/latest) by extension 'ignore'
[0.211s] Level 1:colcon.colcon_core.package_identification:_identify(rtabmap_ros/docker/indigo/latest) by extension 'ignore_ament_install'
[0.211s] Level 1:colcon.colcon_core.package_identification:_identify(rtabmap_ros/docker/indigo/latest) by extensions ['colcon_pkg']
[0.211s] Level 1:colcon.colcon_core.package_identification:_identify(rtabmap_ros/docker/indigo/latest) by extension 'colcon_pkg'
[0.211s] Level 1:colcon.colcon_core.package_identification:_identify(rtabmap_ros/docker/indigo/latest) by extensions ['colcon_meta']
[0.211s] Level 1:colcon.colcon_core.package_identification:_identify(rtabmap_ros/docker/indigo/latest) by extension 'colcon_meta'
[0.211s] Level 1:colcon.colcon_core.package_identification:_identify(rtabmap_ros/docker/indigo/latest) by extensions ['ros']
[0.211s] Level 1:colcon.colcon_core.package_identification:_identify(rtabmap_ros/docker/indigo/latest) by extension 'ros'
[0.211s] Level 1:colcon.colcon_core.package_identification:_identify(rtabmap_ros/docker/indigo/latest) by extensions ['cmake', 'python']
[0.211s] Level 1:colcon.colcon_core.package_identification:_identify(rtabmap_ros/docker/indigo/latest) by extension 'cmake'
[0.211s] Level 1:colcon.colcon_core.package_identification:_identify(rtabmap_ros/docker/indigo/latest) by extension 'python'
[0.211s] Level 1:colcon.colcon_core.package_identification:_identify(rtabmap_ros/docker/indigo/latest) by extensions ['python_setup_py']
[0.211s] Level 1:colcon.colcon_core.package_identification:_identify(rtabmap_ros/docker/indigo/latest) by extension 'python_setup_py'
[0.211s] Level 1:colcon.colcon_core.package_identification:_identify(rtabmap_ros/docker/indigo/latest/hooks) by extensions ['ignore', 'ignore_ament_install']
[0.211s] Level 1:colcon.colcon_core.package_identification:_identify(rtabmap_ros/docker/indigo/latest/hooks) by extension 'ignore'
[0.211s] Level 1:colcon.colcon_core.package_identification:_identify(rtabmap_ros/docker/indigo/latest/hooks) by extension 'ignore_ament_install'
[0.211s] Level 1:colcon.colcon_core.package_identification:_identify(rtabmap_ros/docker/indigo/latest/hooks) by extensions ['colcon_pkg']
[0.211s] Level 1:colcon.colcon_core.package_identification:_identify(rtabmap_ros/docker/indigo/latest/hooks) by extension 'colcon_pkg'
[0.211s] Level 1:colcon.colcon_core.package_identification:_identify(rtabmap_ros/docker/indigo/latest/hooks) by extensions ['colcon_meta']
[0.211s] Level 1:colcon.colcon_core.package_identification:_identify(rtabmap_ros/docker/indigo/latest/hooks) by extension 'colcon_meta'
[0.211s] Level 1:colcon.colcon_core.package_identification:_identify(rtabmap_ros/docker/indigo/latest/hooks) by extensions ['ros']
[0.211s] Level 1:colcon.colcon_core.package_identification:_identify(rtabmap_ros/docker/indigo/latest/hooks) by extension 'ros'
[0.211s] Level 1:colcon.colcon_core.package_identification:_identify(rtabmap_ros/docker/indigo/latest/hooks) by extensions ['cmake', 'python']
[0.211s] Level 1:colcon.colcon_core.package_identification:_identify(rtabmap_ros/docker/indigo/latest/hooks) by extension 'cmake'
[0.211s] Level 1:colcon.colcon_core.package_identification:_identify(rtabmap_ros/docker/indigo/latest/hooks) by extension 'python'
[0.212s] Level 1:colcon.colcon_core.package_identification:_identify(rtabmap_ros/docker/indigo/latest/hooks) by extensions ['python_setup_py']
[0.212s] Level 1:colcon.colcon_core.package_identification:_identify(rtabmap_ros/docker/indigo/latest/hooks) by extension 'python_setup_py'
[0.212s] Level 1:colcon.colcon_core.package_identification:_identify(rtabmap_ros/docker/iron) by extensions ['ignore', 'ignore_ament_install']
[0.212s] Level 1:colcon.colcon_core.package_identification:_identify(rtabmap_ros/docker/iron) by extension 'ignore'
[0.212s] Level 1:colcon.colcon_core.package_identification:_identify(rtabmap_ros/docker/iron) by extension 'ignore_ament_install'
[0.212s] Level 1:colcon.colcon_core.package_identification:_identify(rtabmap_ros/docker/iron) by extensions ['colcon_pkg']
[0.212s] Level 1:colcon.colcon_core.package_identification:_identify(rtabmap_ros/docker/iron) by extension 'colcon_pkg'
[0.212s] Level 1:colcon.colcon_core.package_identification:_identify(rtabmap_ros/docker/iron) by extensions ['colcon_meta']
[0.212s] Level 1:colcon.colcon_core.package_identification:_identify(rtabmap_ros/docker/iron) by extension 'colcon_meta'
[0.212s] Level 1:colcon.colcon_core.package_identification:_identify(rtabmap_ros/docker/iron) by extensions ['ros']
[0.212s] Level 1:colcon.colcon_core.package_identification:_identify(rtabmap_ros/docker/iron) by extension 'ros'
[0.212s] Level 1:colcon.colcon_core.package_identification:_identify(rtabmap_ros/docker/iron) by extensions ['cmake', 'python']
[0.212s] Level 1:colcon.colcon_core.package_identification:_identify(rtabmap_ros/docker/iron) by extension 'cmake'
[0.212s] Level 1:colcon.colcon_core.package_identification:_identify(rtabmap_ros/docker/iron) by extension 'python'
[0.212s] Level 1:colcon.colcon_core.package_identification:_identify(rtabmap_ros/docker/iron) by extensions ['python_setup_py']
[0.212s] Level 1:colcon.colcon_core.package_identification:_identify(rtabmap_ros/docker/iron) by extension 'python_setup_py'
[0.212s] Level 1:colcon.colcon_core.package_identification:_identify(rtabmap_ros/docker/iron/latest) by extensions ['ignore', 'ignore_ament_install']
[0.212s] Level 1:colcon.colcon_core.package_identification:_identify(rtabmap_ros/docker/iron/latest) by extension 'ignore'
[0.212s] Level 1:colcon.colcon_core.package_identification:_identify(rtabmap_ros/docker/iron/latest) by extension 'ignore_ament_install'
[0.212s] Level 1:colcon.colcon_core.package_identification:_identify(rtabmap_ros/docker/iron/latest) by extensions ['colcon_pkg']
[0.212s] Level 1:colcon.colcon_core.package_identification:_identify(rtabmap_ros/docker/iron/latest) by extension 'colcon_pkg'
[0.212s] Level 1:colcon.colcon_core.package_identification:_identify(rtabmap_ros/docker/iron/latest) by extensions ['colcon_meta']
[0.212s] Level 1:colcon.colcon_core.package_identification:_identify(rtabmap_ros/docker/iron/latest) by extension 'colcon_meta'
[0.212s] Level 1:colcon.colcon_core.package_identification:_identify(rtabmap_ros/docker/iron/latest) by extensions ['ros']
[0.212s] Level 1:colcon.colcon_core.package_identification:_identify(rtabmap_ros/docker/iron/latest) by extension 'ros'
[0.212s] Level 1:colcon.colcon_core.package_identification:_identify(rtabmap_ros/docker/iron/latest) by extensions ['cmake', 'python']
[0.212s] Level 1:colcon.colcon_core.package_identification:_identify(rtabmap_ros/docker/iron/latest) by extension 'cmake'
[0.212s] Level 1:colcon.colcon_core.package_identification:_identify(rtabmap_ros/docker/iron/latest) by extension 'python'
[0.212s] Level 1:colcon.colcon_core.package_identification:_identify(rtabmap_ros/docker/iron/latest) by extensions ['python_setup_py']
[0.212s] Level 1:colcon.colcon_core.package_identification:_identify(rtabmap_ros/docker/iron/latest) by extension 'python_setup_py'
[0.212s] Level 1:colcon.colcon_core.package_identification:_identify(rtabmap_ros/docker/jazzy) by extensions ['ignore', 'ignore_ament_install']
[0.212s] Level 1:colcon.colcon_core.package_identification:_identify(rtabmap_ros/docker/jazzy) by extension 'ignore'
[0.212s] Level 1:colcon.colcon_core.package_identification:_identify(rtabmap_ros/docker/jazzy) by extension 'ignore_ament_install'
[0.212s] Level 1:colcon.colcon_core.package_identification:_identify(rtabmap_ros/docker/jazzy) by extensions ['colcon_pkg']
[0.212s] Level 1:colcon.colcon_core.package_identification:_identify(rtabmap_ros/docker/jazzy) by extension 'colcon_pkg'
[0.212s] Level 1:colcon.colcon_core.package_identification:_identify(rtabmap_ros/docker/jazzy) by extensions ['colcon_meta']
[0.212s] Level 1:colcon.colcon_core.package_identification:_identify(rtabmap_ros/docker/jazzy) by extension 'colcon_meta'
[0.212s] Level 1:colcon.colcon_core.package_identification:_identify(rtabmap_ros/docker/jazzy) by extensions ['ros']
[0.212s] Level 1:colcon.colcon_core.package_identification:_identify(rtabmap_ros/docker/jazzy) by extension 'ros'
[0.212s] Level 1:colcon.colcon_core.package_identification:_identify(rtabmap_ros/docker/jazzy) by extensions ['cmake', 'python']
[0.212s] Level 1:colcon.colcon_core.package_identification:_identify(rtabmap_ros/docker/jazzy) by extension 'cmake'
[0.212s] Level 1:colcon.colcon_core.package_identification:_identify(rtabmap_ros/docker/jazzy) by extension 'python'
[0.212s] Level 1:colcon.colcon_core.package_identification:_identify(rtabmap_ros/docker/jazzy) by extensions ['python_setup_py']
[0.212s] Level 1:colcon.colcon_core.package_identification:_identify(rtabmap_ros/docker/jazzy) by extension 'python_setup_py'
[0.212s] Level 1:colcon.colcon_core.package_identification:_identify(rtabmap_ros/docker/jazzy/latest) by extensions ['ignore', 'ignore_ament_install']
[0.212s] Level 1:colcon.colcon_core.package_identification:_identify(rtabmap_ros/docker/jazzy/latest) by extension 'ignore'
[0.212s] Level 1:colcon.colcon_core.package_identification:_identify(rtabmap_ros/docker/jazzy/latest) by extension 'ignore_ament_install'
[0.212s] Level 1:colcon.colcon_core.package_identification:_identify(rtabmap_ros/docker/jazzy/latest) by extensions ['colcon_pkg']
[0.212s] Level 1:colcon.colcon_core.package_identification:_identify(rtabmap_ros/docker/jazzy/latest) by extension 'colcon_pkg'
[0.212s] Level 1:colcon.colcon_core.package_identification:_identify(rtabmap_ros/docker/jazzy/latest) by extensions ['colcon_meta']
[0.212s] Level 1:colcon.colcon_core.package_identification:_identify(rtabmap_ros/docker/jazzy/latest) by extension 'colcon_meta'
[0.212s] Level 1:colcon.colcon_core.package_identification:_identify(rtabmap_ros/docker/jazzy/latest) by extensions ['ros']
[0.213s] Level 1:colcon.colcon_core.package_identification:_identify(rtabmap_ros/docker/jazzy/latest) by extension 'ros'
[0.213s] Level 1:colcon.colcon_core.package_identification:_identify(rtabmap_ros/docker/jazzy/latest) by extensions ['cmake', 'python']
[0.213s] Level 1:colcon.colcon_core.package_identification:_identify(rtabmap_ros/docker/jazzy/latest) by extension 'cmake'
[0.213s] Level 1:colcon.colcon_core.package_identification:_identify(rtabmap_ros/docker/jazzy/latest) by extension 'python'
[0.213s] Level 1:colcon.colcon_core.package_identification:_identify(rtabmap_ros/docker/jazzy/latest) by extensions ['python_setup_py']
[0.213s] Level 1:colcon.colcon_core.package_identification:_identify(rtabmap_ros/docker/jazzy/latest) by extension 'python_setup_py'
[0.213s] Level 1:colcon.colcon_core.package_identification:_identify(rtabmap_ros/docker/jazzy/superpoint) by extensions ['ignore', 'ignore_ament_install']
[0.213s] Level 1:colcon.colcon_core.package_identification:_identify(rtabmap_ros/docker/jazzy/superpoint) by extension 'ignore'
[0.213s] Level 1:colcon.colcon_core.package_identification:_identify(rtabmap_ros/docker/jazzy/superpoint) by extension 'ignore_ament_install'
[0.213s] Level 1:colcon.colcon_core.package_identification:_identify(rtabmap_ros/docker/jazzy/superpoint) by extensions ['colcon_pkg']
[0.213s] Level 1:colcon.colcon_core.package_identification:_identify(rtabmap_ros/docker/jazzy/superpoint) by extension 'colcon_pkg'
[0.213s] Level 1:colcon.colcon_core.package_identification:_identify(rtabmap_ros/docker/jazzy/superpoint) by extensions ['colcon_meta']
[0.213s] Level 1:colcon.colcon_core.package_identification:_identify(rtabmap_ros/docker/jazzy/superpoint) by extension 'colcon_meta'
[0.213s] Level 1:colcon.colcon_core.package_identification:_identify(rtabmap_ros/docker/jazzy/superpoint) by extensions ['ros']
[0.213s] Level 1:colcon.colcon_core.package_identification:_identify(rtabmap_ros/docker/jazzy/superpoint) by extension 'ros'
[0.213s] Level 1:colcon.colcon_core.package_identification:_identify(rtabmap_ros/docker/jazzy/superpoint) by extensions ['cmake', 'python']
[0.213s] Level 1:colcon.colcon_core.package_identification:_identify(rtabmap_ros/docker/jazzy/superpoint) by extension 'cmake'
[0.213s] Level 1:colcon.colcon_core.package_identification:_identify(rtabmap_ros/docker/jazzy/superpoint) by extension 'python'
[0.213s] Level 1:colcon.colcon_core.package_identification:_identify(rtabmap_ros/docker/jazzy/superpoint) by extensions ['python_setup_py']
[0.213s] Level 1:colcon.colcon_core.package_identification:_identify(rtabmap_ros/docker/jazzy/superpoint) by extension 'python_setup_py'
[0.213s] Level 1:colcon.colcon_core.package_identification:_identify(rtabmap_ros/docker/kilted) by extensions ['ignore', 'ignore_ament_install']
[0.213s] Level 1:colcon.colcon_core.package_identification:_identify(rtabmap_ros/docker/kilted) by extension 'ignore'
[0.213s] Level 1:colcon.colcon_core.package_identification:_identify(rtabmap_ros/docker/kilted) by extension 'ignore_ament_install'
[0.213s] Level 1:colcon.colcon_core.package_identification:_identify(rtabmap_ros/docker/kilted) by extensions ['colcon_pkg']
[0.213s] Level 1:colcon.colcon_core.package_identification:_identify(rtabmap_ros/docker/kilted) by extension 'colcon_pkg'
[0.213s] Level 1:colcon.colcon_core.package_identification:_identify(rtabmap_ros/docker/kilted) by extensions ['colcon_meta']
[0.213s] Level 1:colcon.colcon_core.package_identification:_identify(rtabmap_ros/docker/kilted) by extension 'colcon_meta'
[0.213s] Level 1:colcon.colcon_core.package_identification:_identify(rtabmap_ros/docker/kilted) by extensions ['ros']
[0.213s] Level 1:colcon.colcon_core.package_identification:_identify(rtabmap_ros/docker/kilted) by extension 'ros'
[0.213s] Level 1:colcon.colcon_core.package_identification:_identify(rtabmap_ros/docker/kilted) by extensions ['cmake', 'python']
[0.213s] Level 1:colcon.colcon_core.package_identification:_identify(rtabmap_ros/docker/kilted) by extension 'cmake'
[0.213s] Level 1:colcon.colcon_core.package_identification:_identify(rtabmap_ros/docker/kilted) by extension 'python'
[0.213s] Level 1:colcon.colcon_core.package_identification:_identify(rtabmap_ros/docker/kilted) by extensions ['python_setup_py']
[0.213s] Level 1:colcon.colcon_core.package_identification:_identify(rtabmap_ros/docker/kilted) by extension 'python_setup_py'
[0.213s] Level 1:colcon.colcon_core.package_identification:_identify(rtabmap_ros/docker/kilted/latest) by extensions ['ignore', 'ignore_ament_install']
[0.213s] Level 1:colcon.colcon_core.package_identification:_identify(rtabmap_ros/docker/kilted/latest) by extension 'ignore'
[0.213s] Level 1:colcon.colcon_core.package_identification:_identify(rtabmap_ros/docker/kilted/latest) by extension 'ignore_ament_install'
[0.213s] Level 1:colcon.colcon_core.package_identification:_identify(rtabmap_ros/docker/kilted/latest) by extensions ['colcon_pkg']
[0.213s] Level 1:colcon.colcon_core.package_identification:_identify(rtabmap_ros/docker/kilted/latest) by extension 'colcon_pkg'
[0.213s] Level 1:colcon.colcon_core.package_identification:_identify(rtabmap_ros/docker/kilted/latest) by extensions ['colcon_meta']
[0.213s] Level 1:colcon.colcon_core.package_identification:_identify(rtabmap_ros/docker/kilted/latest) by extension 'colcon_meta'
[0.213s] Level 1:colcon.colcon_core.package_identification:_identify(rtabmap_ros/docker/kilted/latest) by extensions ['ros']
[0.213s] Level 1:colcon.colcon_core.package_identification:_identify(rtabmap_ros/docker/kilted/latest) by extension 'ros'
[0.213s] Level 1:colcon.colcon_core.package_identification:_identify(rtabmap_ros/docker/kilted/latest) by extensions ['cmake', 'python']
[0.213s] Level 1:colcon.colcon_core.package_identification:_identify(rtabmap_ros/docker/kilted/latest) by extension 'cmake'
[0.213s] Level 1:colcon.colcon_core.package_identification:_identify(rtabmap_ros/docker/kilted/latest) by extension 'python'
[0.213s] Level 1:colcon.colcon_core.package_identification:_identify(rtabmap_ros/docker/kilted/latest) by extensions ['python_setup_py']
[0.213s] Level 1:colcon.colcon_core.package_identification:_identify(rtabmap_ros/docker/kilted/latest) by extension 'python_setup_py'
[0.213s] Level 1:colcon.colcon_core.package_identification:_identify(rtabmap_ros/docker/kinetic) by extensions ['ignore', 'ignore_ament_install']
[0.213s] Level 1:colcon.colcon_core.package_identification:_identify(rtabmap_ros/docker/kinetic) by extension 'ignore'
[0.213s] Level 1:colcon.colcon_core.package_identification:_identify(rtabmap_ros/docker/kinetic) by extension 'ignore_ament_install'
[0.213s] Level 1:colcon.colcon_core.package_identification:_identify(rtabmap_ros/docker/kinetic) by extensions ['colcon_pkg']
[0.213s] Level 1:colcon.colcon_core.package_identification:_identify(rtabmap_ros/docker/kinetic) by extension 'colcon_pkg'
[0.213s] Level 1:colcon.colcon_core.package_identification:_identify(rtabmap_ros/docker/kinetic) by extensions ['colcon_meta']
[0.213s] Level 1:colcon.colcon_core.package_identification:_identify(rtabmap_ros/docker/kinetic) by extension 'colcon_meta'
[0.214s] Level 1:colcon.colcon_core.package_identification:_identify(rtabmap_ros/docker/kinetic) by extensions ['ros']
[0.214s] Level 1:colcon.colcon_core.package_identification:_identify(rtabmap_ros/docker/kinetic) by extension 'ros'
[0.214s] Level 1:colcon.colcon_core.package_identification:_identify(rtabmap_ros/docker/kinetic) by extensions ['cmake', 'python']
[0.214s] Level 1:colcon.colcon_core.package_identification:_identify(rtabmap_ros/docker/kinetic) by extension 'cmake'
[0.214s] Level 1:colcon.colcon_core.package_identification:_identify(rtabmap_ros/docker/kinetic) by extension 'python'
[0.214s] Level 1:colcon.colcon_core.package_identification:_identify(rtabmap_ros/docker/kinetic) by extensions ['python_setup_py']
[0.214s] Level 1:colcon.colcon_core.package_identification:_identify(rtabmap_ros/docker/kinetic) by extension 'python_setup_py'
[0.214s] Level 1:colcon.colcon_core.package_identification:_identify(rtabmap_ros/docker/kinetic/latest) by extensions ['ignore', 'ignore_ament_install']
[0.214s] Level 1:colcon.colcon_core.package_identification:_identify(rtabmap_ros/docker/kinetic/latest) by extension 'ignore'
[0.214s] Level 1:colcon.colcon_core.package_identification:_identify(rtabmap_ros/docker/kinetic/latest) by extension 'ignore_ament_install'
[0.214s] Level 1:colcon.colcon_core.package_identification:_identify(rtabmap_ros/docker/kinetic/latest) by extensions ['colcon_pkg']
[0.214s] Level 1:colcon.colcon_core.package_identification:_identify(rtabmap_ros/docker/kinetic/latest) by extension 'colcon_pkg'
[0.214s] Level 1:colcon.colcon_core.package_identification:_identify(rtabmap_ros/docker/kinetic/latest) by extensions ['colcon_meta']
[0.214s] Level 1:colcon.colcon_core.package_identification:_identify(rtabmap_ros/docker/kinetic/latest) by extension 'colcon_meta'
[0.214s] Level 1:colcon.colcon_core.package_identification:_identify(rtabmap_ros/docker/kinetic/latest) by extensions ['ros']
[0.214s] Level 1:colcon.colcon_core.package_identification:_identify(rtabmap_ros/docker/kinetic/latest) by extension 'ros'
[0.214s] Level 1:colcon.colcon_core.package_identification:_identify(rtabmap_ros/docker/kinetic/latest) by extensions ['cmake', 'python']
[0.214s] Level 1:colcon.colcon_core.package_identification:_identify(rtabmap_ros/docker/kinetic/latest) by extension 'cmake'
[0.214s] Level 1:colcon.colcon_core.package_identification:_identify(rtabmap_ros/docker/kinetic/latest) by extension 'python'
[0.214s] Level 1:colcon.colcon_core.package_identification:_identify(rtabmap_ros/docker/kinetic/latest) by extensions ['python_setup_py']
[0.214s] Level 1:colcon.colcon_core.package_identification:_identify(rtabmap_ros/docker/kinetic/latest) by extension 'python_setup_py'
[0.214s] Level 1:colcon.colcon_core.package_identification:_identify(rtabmap_ros/docker/kinetic/latest/hooks) by extensions ['ignore', 'ignore_ament_install']
[0.214s] Level 1:colcon.colcon_core.package_identification:_identify(rtabmap_ros/docker/kinetic/latest/hooks) by extension 'ignore'
[0.214s] Level 1:colcon.colcon_core.package_identification:_identify(rtabmap_ros/docker/kinetic/latest/hooks) by extension 'ignore_ament_install'
[0.214s] Level 1:colcon.colcon_core.package_identification:_identify(rtabmap_ros/docker/kinetic/latest/hooks) by extensions ['colcon_pkg']
[0.214s] Level 1:colcon.colcon_core.package_identification:_identify(rtabmap_ros/docker/kinetic/latest/hooks) by extension 'colcon_pkg'
[0.214s] Level 1:colcon.colcon_core.package_identification:_identify(rtabmap_ros/docker/kinetic/latest/hooks) by extensions ['colcon_meta']
[0.214s] Level 1:colcon.colcon_core.package_identification:_identify(rtabmap_ros/docker/kinetic/latest/hooks) by extension 'colcon_meta'
[0.214s] Level 1:colcon.colcon_core.package_identification:_identify(rtabmap_ros/docker/kinetic/latest/hooks) by extensions ['ros']
[0.214s] Level 1:colcon.colcon_core.package_identification:_identify(rtabmap_ros/docker/kinetic/latest/hooks) by extension 'ros'
[0.214s] Level 1:colcon.colcon_core.package_identification:_identify(rtabmap_ros/docker/kinetic/latest/hooks) by extensions ['cmake', 'python']
[0.214s] Level 1:colcon.colcon_core.package_identification:_identify(rtabmap_ros/docker/kinetic/latest/hooks) by extension 'cmake'
[0.214s] Level 1:colcon.colcon_core.package_identification:_identify(rtabmap_ros/docker/kinetic/latest/hooks) by extension 'python'
[0.214s] Level 1:colcon.colcon_core.package_identification:_identify(rtabmap_ros/docker/kinetic/latest/hooks) by extensions ['python_setup_py']
[0.214s] Level 1:colcon.colcon_core.package_identification:_identify(rtabmap_ros/docker/kinetic/latest/hooks) by extension 'python_setup_py'
[0.214s] Level 1:colcon.colcon_core.package_identification:_identify(rtabmap_ros/docker/melodic) by extensions ['ignore', 'ignore_ament_install']
[0.214s] Level 1:colcon.colcon_core.package_identification:_identify(rtabmap_ros/docker/melodic) by extension 'ignore'
[0.214s] Level 1:colcon.colcon_core.package_identification:_identify(rtabmap_ros/docker/melodic) by extension 'ignore_ament_install'
[0.214s] Level 1:colcon.colcon_core.package_identification:_identify(rtabmap_ros/docker/melodic) by extensions ['colcon_pkg']
[0.214s] Level 1:colcon.colcon_core.package_identification:_identify(rtabmap_ros/docker/melodic) by extension 'colcon_pkg'
[0.214s] Level 1:colcon.colcon_core.package_identification:_identify(rtabmap_ros/docker/melodic) by extensions ['colcon_meta']
[0.214s] Level 1:colcon.colcon_core.package_identification:_identify(rtabmap_ros/docker/melodic) by extension 'colcon_meta'
[0.214s] Level 1:colcon.colcon_core.package_identification:_identify(rtabmap_ros/docker/melodic) by extensions ['ros']
[0.214s] Level 1:colcon.colcon_core.package_identification:_identify(rtabmap_ros/docker/melodic) by extension 'ros'
[0.214s] Level 1:colcon.colcon_core.package_identification:_identify(rtabmap_ros/docker/melodic) by extensions ['cmake', 'python']
[0.214s] Level 1:colcon.colcon_core.package_identification:_identify(rtabmap_ros/docker/melodic) by extension 'cmake'
[0.214s] Level 1:colcon.colcon_core.package_identification:_identify(rtabmap_ros/docker/melodic) by extension 'python'
[0.214s] Level 1:colcon.colcon_core.package_identification:_identify(rtabmap_ros/docker/melodic) by extensions ['python_setup_py']
[0.214s] Level 1:colcon.colcon_core.package_identification:_identify(rtabmap_ros/docker/melodic) by extension 'python_setup_py'
[0.214s] Level 1:colcon.colcon_core.package_identification:_identify(rtabmap_ros/docker/melodic/latest) by extensions ['ignore', 'ignore_ament_install']
[0.214s] Level 1:colcon.colcon_core.package_identification:_identify(rtabmap_ros/docker/melodic/latest) by extension 'ignore'
[0.214s] Level 1:colcon.colcon_core.package_identification:_identify(rtabmap_ros/docker/melodic/latest) by extension 'ignore_ament_install'
[0.215s] Level 1:colcon.colcon_core.package_identification:_identify(rtabmap_ros/docker/melodic/latest) by extensions ['colcon_pkg']
[0.215s] Level 1:colcon.colcon_core.package_identification:_identify(rtabmap_ros/docker/melodic/latest) by extension 'colcon_pkg'
[0.215s] Level 1:colcon.colcon_core.package_identification:_identify(rtabmap_ros/docker/melodic/latest) by extensions ['colcon_meta']
[0.215s] Level 1:colcon.colcon_core.package_identification:_identify(rtabmap_ros/docker/melodic/latest) by extension 'colcon_meta'
[0.215s] Level 1:colcon.colcon_core.package_identification:_identify(rtabmap_ros/docker/melodic/latest) by extensions ['ros']
[0.215s] Level 1:colcon.colcon_core.package_identification:_identify(rtabmap_ros/docker/melodic/latest) by extension 'ros'
[0.215s] Level 1:colcon.colcon_core.package_identification:_identify(rtabmap_ros/docker/melodic/latest) by extensions ['cmake', 'python']
[0.215s] Level 1:colcon.colcon_core.package_identification:_identify(rtabmap_ros/docker/melodic/latest) by extension 'cmake'
[0.215s] Level 1:colcon.colcon_core.package_identification:_identify(rtabmap_ros/docker/melodic/latest) by extension 'python'
[0.215s] Level 1:colcon.colcon_core.package_identification:_identify(rtabmap_ros/docker/melodic/latest) by extensions ['python_setup_py']
[0.215s] Level 1:colcon.colcon_core.package_identification:_identify(rtabmap_ros/docker/melodic/latest) by extension 'python_setup_py'
[0.215s] Level 1:colcon.colcon_core.package_identification:_identify(rtabmap_ros/docker/melodic/latest/hooks) by extensions ['ignore', 'ignore_ament_install']
[0.215s] Level 1:colcon.colcon_core.package_identification:_identify(rtabmap_ros/docker/melodic/latest/hooks) by extension 'ignore'
[0.215s] Level 1:colcon.colcon_core.package_identification:_identify(rtabmap_ros/docker/melodic/latest/hooks) by extension 'ignore_ament_install'
[0.215s] Level 1:colcon.colcon_core.package_identification:_identify(rtabmap_ros/docker/melodic/latest/hooks) by extensions ['colcon_pkg']
[0.215s] Level 1:colcon.colcon_core.package_identification:_identify(rtabmap_ros/docker/melodic/latest/hooks) by extension 'colcon_pkg'
[0.215s] Level 1:colcon.colcon_core.package_identification:_identify(rtabmap_ros/docker/melodic/latest/hooks) by extensions ['colcon_meta']
[0.215s] Level 1:colcon.colcon_core.package_identification:_identify(rtabmap_ros/docker/melodic/latest/hooks) by extension 'colcon_meta'
[0.215s] Level 1:colcon.colcon_core.package_identification:_identify(rtabmap_ros/docker/melodic/latest/hooks) by extensions ['ros']
[0.215s] Level 1:colcon.colcon_core.package_identification:_identify(rtabmap_ros/docker/melodic/latest/hooks) by extension 'ros'
[0.215s] Level 1:colcon.colcon_core.package_identification:_identify(rtabmap_ros/docker/melodic/latest/hooks) by extensions ['cmake', 'python']
[0.215s] Level 1:colcon.colcon_core.package_identification:_identify(rtabmap_ros/docker/melodic/latest/hooks) by extension 'cmake'
[0.215s] Level 1:colcon.colcon_core.package_identification:_identify(rtabmap_ros/docker/melodic/latest/hooks) by extension 'python'
[0.215s] Level 1:colcon.colcon_core.package_identification:_identify(rtabmap_ros/docker/melodic/latest/hooks) by extensions ['python_setup_py']
[0.215s] Level 1:colcon.colcon_core.package_identification:_identify(rtabmap_ros/docker/melodic/latest/hooks) by extension 'python_setup_py'
[0.215s] Level 1:colcon.colcon_core.package_identification:_identify(rtabmap_ros/docker/noetic) by extensions ['ignore', 'ignore_ament_install']
[0.215s] Level 1:colcon.colcon_core.package_identification:_identify(rtabmap_ros/docker/noetic) by extension 'ignore'
[0.215s] Level 1:colcon.colcon_core.package_identification:_identify(rtabmap_ros/docker/noetic) by extension 'ignore_ament_install'
[0.215s] Level 1:colcon.colcon_core.package_identification:_identify(rtabmap_ros/docker/noetic) by extensions ['colcon_pkg']
[0.215s] Level 1:colcon.colcon_core.package_identification:_identify(rtabmap_ros/docker/noetic) by extension 'colcon_pkg'
[0.215s] Level 1:colcon.colcon_core.package_identification:_identify(rtabmap_ros/docker/noetic) by extensions ['colcon_meta']
[0.215s] Level 1:colcon.colcon_core.package_identification:_identify(rtabmap_ros/docker/noetic) by extension 'colcon_meta'
[0.215s] Level 1:colcon.colcon_core.package_identification:_identify(rtabmap_ros/docker/noetic) by extensions ['ros']
[0.215s] Level 1:colcon.colcon_core.package_identification:_identify(rtabmap_ros/docker/noetic) by extension 'ros'
[0.215s] Level 1:colcon.colcon_core.package_identification:_identify(rtabmap_ros/docker/noetic) by extensions ['cmake', 'python']
[0.215s] Level 1:colcon.colcon_core.package_identification:_identify(rtabmap_ros/docker/noetic) by extension 'cmake'
[0.215s] Level 1:colcon.colcon_core.package_identification:_identify(rtabmap_ros/docker/noetic) by extension 'python'
[0.215s] Level 1:colcon.colcon_core.package_identification:_identify(rtabmap_ros/docker/noetic) by extensions ['python_setup_py']
[0.215s] Level 1:colcon.colcon_core.package_identification:_identify(rtabmap_ros/docker/noetic) by extension 'python_setup_py'
[0.215s] Level 1:colcon.colcon_core.package_identification:_identify(rtabmap_ros/docker/noetic/latest) by extensions ['ignore', 'ignore_ament_install']
[0.215s] Level 1:colcon.colcon_core.package_identification:_identify(rtabmap_ros/docker/noetic/latest) by extension 'ignore'
[0.215s] Level 1:colcon.colcon_core.package_identification:_identify(rtabmap_ros/docker/noetic/latest) by extension 'ignore_ament_install'
[0.215s] Level 1:colcon.colcon_core.package_identification:_identify(rtabmap_ros/docker/noetic/latest) by extensions ['colcon_pkg']
[0.215s] Level 1:colcon.colcon_core.package_identification:_identify(rtabmap_ros/docker/noetic/latest) by extension 'colcon_pkg'
[0.215s] Level 1:colcon.colcon_core.package_identification:_identify(rtabmap_ros/docker/noetic/latest) by extensions ['colcon_meta']
[0.215s] Level 1:colcon.colcon_core.package_identification:_identify(rtabmap_ros/docker/noetic/latest) by extension 'colcon_meta'
[0.215s] Level 1:colcon.colcon_core.package_identification:_identify(rtabmap_ros/docker/noetic/latest) by extensions ['ros']
[0.215s] Level 1:colcon.colcon_core.package_identification:_identify(rtabmap_ros/docker/noetic/latest) by extension 'ros'
[0.215s] Level 1:colcon.colcon_core.package_identification:_identify(rtabmap_ros/docker/noetic/latest) by extensions ['cmake', 'python']
[0.215s] Level 1:colcon.colcon_core.package_identification:_identify(rtabmap_ros/docker/noetic/latest) by extension 'cmake'
[0.215s] Level 1:colcon.colcon_core.package_identification:_identify(rtabmap_ros/docker/noetic/latest) by extension 'python'
[0.215s] Level 1:colcon.colcon_core.package_identification:_identify(rtabmap_ros/docker/noetic/latest) by extensions ['python_setup_py']
[0.215s] Level 1:colcon.colcon_core.package_identification:_identify(rtabmap_ros/docker/noetic/latest) by extension 'python_setup_py'
[0.215s] Level 1:colcon.colcon_core.package_identification:_identify(rtabmap_ros/docker/noetic/latest/hooks) by extensions ['ignore', 'ignore_ament_install']
[0.216s] Level 1:colcon.colcon_core.package_identification:_identify(rtabmap_ros/docker/noetic/latest/hooks) by extension 'ignore'
[0.216s] Level 1:colcon.colcon_core.package_identification:_identify(rtabmap_ros/docker/noetic/latest/hooks) by extension 'ignore_ament_install'
[0.216s] Level 1:colcon.colcon_core.package_identification:_identify(rtabmap_ros/docker/noetic/latest/hooks) by extensions ['colcon_pkg']
[0.216s] Level 1:colcon.colcon_core.package_identification:_identify(rtabmap_ros/docker/noetic/latest/hooks) by extension 'colcon_pkg'
[0.216s] Level 1:colcon.colcon_core.package_identification:_identify(rtabmap_ros/docker/noetic/latest/hooks) by extensions ['colcon_meta']
[0.216s] Level 1:colcon.colcon_core.package_identification:_identify(rtabmap_ros/docker/noetic/latest/hooks) by extension 'colcon_meta'
[0.216s] Level 1:colcon.colcon_core.package_identification:_identify(rtabmap_ros/docker/noetic/latest/hooks) by extensions ['ros']
[0.216s] Level 1:colcon.colcon_core.package_identification:_identify(rtabmap_ros/docker/noetic/latest/hooks) by extension 'ros'
[0.216s] Level 1:colcon.colcon_core.package_identification:_identify(rtabmap_ros/docker/noetic/latest/hooks) by extensions ['cmake', 'python']
[0.216s] Level 1:colcon.colcon_core.package_identification:_identify(rtabmap_ros/docker/noetic/latest/hooks) by extension 'cmake'
[0.216s] Level 1:colcon.colcon_core.package_identification:_identify(rtabmap_ros/docker/noetic/latest/hooks) by extension 'python'
[0.216s] Level 1:colcon.colcon_core.package_identification:_identify(rtabmap_ros/docker/noetic/latest/hooks) by extensions ['python_setup_py']
[0.216s] Level 1:colcon.colcon_core.package_identification:_identify(rtabmap_ros/docker/noetic/latest/hooks) by extension 'python_setup_py'
[0.216s] Level 1:colcon.colcon_core.package_identification:_identify(rtabmap_ros/docker/noetic/superpoint) by extensions ['ignore', 'ignore_ament_install']
[0.216s] Level 1:colcon.colcon_core.package_identification:_identify(rtabmap_ros/docker/noetic/superpoint) by extension 'ignore'
[0.216s] Level 1:colcon.colcon_core.package_identification:_identify(rtabmap_ros/docker/noetic/superpoint) by extension 'ignore_ament_install'
[0.216s] Level 1:colcon.colcon_core.package_identification:_identify(rtabmap_ros/docker/noetic/superpoint) by extensions ['colcon_pkg']
[0.216s] Level 1:colcon.colcon_core.package_identification:_identify(rtabmap_ros/docker/noetic/superpoint) by extension 'colcon_pkg'
[0.216s] Level 1:colcon.colcon_core.package_identification:_identify(rtabmap_ros/docker/noetic/superpoint) by extensions ['colcon_meta']
[0.216s] Level 1:colcon.colcon_core.package_identification:_identify(rtabmap_ros/docker/noetic/superpoint) by extension 'colcon_meta'
[0.216s] Level 1:colcon.colcon_core.package_identification:_identify(rtabmap_ros/docker/noetic/superpoint) by extensions ['ros']
[0.216s] Level 1:colcon.colcon_core.package_identification:_identify(rtabmap_ros/docker/noetic/superpoint) by extension 'ros'
[0.216s] Level 1:colcon.colcon_core.package_identification:_identify(rtabmap_ros/docker/noetic/superpoint) by extensions ['cmake', 'python']
[0.216s] Level 1:colcon.colcon_core.package_identification:_identify(rtabmap_ros/docker/noetic/superpoint) by extension 'cmake'
[0.216s] Level 1:colcon.colcon_core.package_identification:_identify(rtabmap_ros/docker/noetic/superpoint) by extension 'python'
[0.216s] Level 1:colcon.colcon_core.package_identification:_identify(rtabmap_ros/docker/noetic/superpoint) by extensions ['python_setup_py']
[0.216s] Level 1:colcon.colcon_core.package_identification:_identify(rtabmap_ros/docker/noetic/superpoint) by extension 'python_setup_py'
[0.216s] Level 1:colcon.colcon_core.package_identification:_identify(rtabmap_ros/rtabmap_conversions) by extensions ['ignore', 'ignore_ament_install']
[0.216s] Level 1:colcon.colcon_core.package_identification:_identify(rtabmap_ros/rtabmap_conversions) by extension 'ignore'
[0.216s] Level 1:colcon.colcon_core.package_identification:_identify(rtabmap_ros/rtabmap_conversions) by extension 'ignore_ament_install'
[0.216s] Level 1:colcon.colcon_core.package_identification:_identify(rtabmap_ros/rtabmap_conversions) by extensions ['colcon_pkg']
[0.216s] Level 1:colcon.colcon_core.package_identification:_identify(rtabmap_ros/rtabmap_conversions) by extension 'colcon_pkg'
[0.216s] Level 1:colcon.colcon_core.package_identification:_identify(rtabmap_ros/rtabmap_conversions) by extensions ['colcon_meta']
[0.216s] Level 1:colcon.colcon_core.package_identification:_identify(rtabmap_ros/rtabmap_conversions) by extension 'colcon_meta'
[0.216s] Level 1:colcon.colcon_core.package_identification:_identify(rtabmap_ros/rtabmap_conversions) by extensions ['ros']
[0.216s] Level 1:colcon.colcon_core.package_identification:_identify(rtabmap_ros/rtabmap_conversions) by extension 'ros'
[0.217s] DEBUG:colcon.colcon_core.package_identification:Package 'rtabmap_ros/rtabmap_conversions' with type 'ros.ament_cmake' and name 'rtabmap_conversions'
[0.217s] Level 1:colcon.colcon_core.package_identification:_identify(rtabmap_ros/rtabmap_costmap_plugins) by extensions ['ignore', 'ignore_ament_install']
[0.217s] Level 1:colcon.colcon_core.package_identification:_identify(rtabmap_ros/rtabmap_costmap_plugins) by extension 'ignore'
[0.217s] Level 1:colcon.colcon_core.package_identification:_identify(rtabmap_ros/rtabmap_costmap_plugins) by extension 'ignore_ament_install'
[0.217s] Level 1:colcon.colcon_core.package_identification:_identify(rtabmap_ros/rtabmap_costmap_plugins) by extensions ['colcon_pkg']
[0.217s] Level 1:colcon.colcon_core.package_identification:_identify(rtabmap_ros/rtabmap_costmap_plugins) by extension 'colcon_pkg'
[0.217s] Level 1:colcon.colcon_core.package_identification:_identify(rtabmap_ros/rtabmap_costmap_plugins) by extensions ['colcon_meta']
[0.217s] Level 1:colcon.colcon_core.package_identification:_identify(rtabmap_ros/rtabmap_costmap_plugins) by extension 'colcon_meta'
[0.217s] Level 1:colcon.colcon_core.package_identification:_identify(rtabmap_ros/rtabmap_costmap_plugins) by extensions ['ros']
[0.217s] Level 1:colcon.colcon_core.package_identification:_identify(rtabmap_ros/rtabmap_costmap_plugins) by extension 'ros'
[0.218s] DEBUG:colcon.colcon_core.package_identification:Package 'rtabmap_ros/rtabmap_costmap_plugins' with type 'ros.ament_cmake' and name 'rtabmap_costmap_plugins'
[0.218s] Level 1:colcon.colcon_core.package_identification:_identify(rtabmap_ros/rtabmap_demos) by extensions ['ignore', 'ignore_ament_install']
[0.218s] Level 1:colcon.colcon_core.package_identification:_identify(rtabmap_ros/rtabmap_demos) by extension 'ignore'
[0.218s] Level 1:colcon.colcon_core.package_identification:_identify(rtabmap_ros/rtabmap_demos) by extension 'ignore_ament_install'
[0.218s] Level 1:colcon.colcon_core.package_identification:_identify(rtabmap_ros/rtabmap_demos) by extensions ['colcon_pkg']
[0.218s] Level 1:colcon.colcon_core.package_identification:_identify(rtabmap_ros/rtabmap_demos) by extension 'colcon_pkg'
[0.218s] Level 1:colcon.colcon_core.package_identification:_identify(rtabmap_ros/rtabmap_demos) by extensions ['colcon_meta']
[0.218s] Level 1:colcon.colcon_core.package_identification:_identify(rtabmap_ros/rtabmap_demos) by extension 'colcon_meta'
[0.218s] Level 1:colcon.colcon_core.package_identification:_identify(rtabmap_ros/rtabmap_demos) by extensions ['ros']
[0.218s] Level 1:colcon.colcon_core.package_identification:_identify(rtabmap_ros/rtabmap_demos) by extension 'ros'
[0.218s] DEBUG:colcon.colcon_core.package_identification:Package 'rtabmap_ros/rtabmap_demos' with type 'ros.ament_cmake' and name 'rtabmap_demos'
[0.218s] Level 1:colcon.colcon_core.package_identification:_identify(rtabmap_ros/rtabmap_examples) by extensions ['ignore', 'ignore_ament_install']
[0.218s] Level 1:colcon.colcon_core.package_identification:_identify(rtabmap_ros/rtabmap_examples) by extension 'ignore'
[0.218s] Level 1:colcon.colcon_core.package_identification:_identify(rtabmap_ros/rtabmap_examples) by extension 'ignore_ament_install'
[0.218s] Level 1:colcon.colcon_core.package_identification:_identify(rtabmap_ros/rtabmap_examples) by extensions ['colcon_pkg']
[0.218s] Level 1:colcon.colcon_core.package_identification:_identify(rtabmap_ros/rtabmap_examples) by extension 'colcon_pkg'
[0.218s] Level 1:colcon.colcon_core.package_identification:_identify(rtabmap_ros/rtabmap_examples) by extensions ['colcon_meta']
[0.218s] Level 1:colcon.colcon_core.package_identification:_identify(rtabmap_ros/rtabmap_examples) by extension 'colcon_meta'
[0.218s] Level 1:colcon.colcon_core.package_identification:_identify(rtabmap_ros/rtabmap_examples) by extensions ['ros']
[0.218s] Level 1:colcon.colcon_core.package_identification:_identify(rtabmap_ros/rtabmap_examples) by extension 'ros'
[0.219s] DEBUG:colcon.colcon_core.package_identification:Package 'rtabmap_ros/rtabmap_examples' with type 'ros.ament_cmake' and name 'rtabmap_examples'
[0.219s] Level 1:colcon.colcon_core.package_identification:_identify(rtabmap_ros/rtabmap_launch) by extensions ['ignore', 'ignore_ament_install']
[0.219s] Level 1:colcon.colcon_core.package_identification:_identify(rtabmap_ros/rtabmap_launch) by extension 'ignore'
[0.219s] Level 1:colcon.colcon_core.package_identification:_identify(rtabmap_ros/rtabmap_launch) by extension 'ignore_ament_install'
[0.219s] Level 1:colcon.colcon_core.package_identification:_identify(rtabmap_ros/rtabmap_launch) by extensions ['colcon_pkg']
[0.219s] Level 1:colcon.colcon_core.package_identification:_identify(rtabmap_ros/rtabmap_launch) by extension 'colcon_pkg'
[0.219s] Level 1:colcon.colcon_core.package_identification:_identify(rtabmap_ros/rtabmap_launch) by extensions ['colcon_meta']
[0.219s] Level 1:colcon.colcon_core.package_identification:_identify(rtabmap_ros/rtabmap_launch) by extension 'colcon_meta'
[0.219s] Level 1:colcon.colcon_core.package_identification:_identify(rtabmap_ros/rtabmap_launch) by extensions ['ros']
[0.219s] Level 1:colcon.colcon_core.package_identification:_identify(rtabmap_ros/rtabmap_launch) by extension 'ros'
[0.219s] DEBUG:colcon.colcon_core.package_identification:Package 'rtabmap_ros/rtabmap_launch' with type 'ros.ament_cmake' and name 'rtabmap_launch'
[0.219s] Level 1:colcon.colcon_core.package_identification:_identify(rtabmap_ros/rtabmap_msgs) by extensions ['ignore', 'ignore_ament_install']
[0.219s] Level 1:colcon.colcon_core.package_identification:_identify(rtabmap_ros/rtabmap_msgs) by extension 'ignore'
[0.219s] Level 1:colcon.colcon_core.package_identification:_identify(rtabmap_ros/rtabmap_msgs) by extension 'ignore_ament_install'
[0.219s] Level 1:colcon.colcon_core.package_identification:_identify(rtabmap_ros/rtabmap_msgs) by extensions ['colcon_pkg']
[0.219s] Level 1:colcon.colcon_core.package_identification:_identify(rtabmap_ros/rtabmap_msgs) by extension 'colcon_pkg'
[0.219s] Level 1:colcon.colcon_core.package_identification:_identify(rtabmap_ros/rtabmap_msgs) by extensions ['colcon_meta']
[0.219s] Level 1:colcon.colcon_core.package_identification:_identify(rtabmap_ros/rtabmap_msgs) by extension 'colcon_meta'
[0.219s] Level 1:colcon.colcon_core.package_identification:_identify(rtabmap_ros/rtabmap_msgs) by extensions ['ros']
[0.219s] Level 1:colcon.colcon_core.package_identification:_identify(rtabmap_ros/rtabmap_msgs) by extension 'ros'
[0.220s] DEBUG:colcon.colcon_core.package_identification:Package 'rtabmap_ros/rtabmap_msgs' with type 'ros.ament_cmake' and name 'rtabmap_msgs'
[0.220s] Level 1:colcon.colcon_core.package_identification:_identify(rtabmap_ros/rtabmap_odom) by extensions ['ignore', 'ignore_ament_install']
[0.220s] Level 1:colcon.colcon_core.package_identification:_identify(rtabmap_ros/rtabmap_odom) by extension 'ignore'
[0.220s] Level 1:colcon.colcon_core.package_identification:_identify(rtabmap_ros/rtabmap_odom) by extension 'ignore_ament_install'
[0.220s] Level 1:colcon.colcon_core.package_identification:_identify(rtabmap_ros/rtabmap_odom) by extensions ['colcon_pkg']
[0.220s] Level 1:colcon.colcon_core.package_identification:_identify(rtabmap_ros/rtabmap_odom) by extension 'colcon_pkg'
[0.220s] Level 1:colcon.colcon_core.package_identification:_identify(rtabmap_ros/rtabmap_odom) by extensions ['colcon_meta']
[0.220s] Level 1:colcon.colcon_core.package_identification:_identify(rtabmap_ros/rtabmap_odom) by extension 'colcon_meta'
[0.220s] Level 1:colcon.colcon_core.package_identification:_identify(rtabmap_ros/rtabmap_odom) by extensions ['ros']
[0.220s] Level 1:colcon.colcon_core.package_identification:_identify(rtabmap_ros/rtabmap_odom) by extension 'ros'
[0.221s] DEBUG:colcon.colcon_core.package_identification:Package 'rtabmap_ros/rtabmap_odom' with type 'ros.ament_cmake' and name 'rtabmap_odom'
[0.221s] Level 1:colcon.colcon_core.package_identification:_identify(rtabmap_ros/rtabmap_python) by extensions ['ignore', 'ignore_ament_install']
[0.221s] Level 1:colcon.colcon_core.package_identification:_identify(rtabmap_ros/rtabmap_python) by extension 'ignore'
[0.221s] Level 1:colcon.colcon_core.package_identification:_identify(rtabmap_ros/rtabmap_python) by extension 'ignore_ament_install'
[0.221s] Level 1:colcon.colcon_core.package_identification:_identify(rtabmap_ros/rtabmap_python) by extensions ['colcon_pkg']
[0.221s] Level 1:colcon.colcon_core.package_identification:_identify(rtabmap_ros/rtabmap_python) by extension 'colcon_pkg'
[0.221s] Level 1:colcon.colcon_core.package_identification:_identify(rtabmap_ros/rtabmap_python) by extensions ['colcon_meta']
[0.221s] Level 1:colcon.colcon_core.package_identification:_identify(rtabmap_ros/rtabmap_python) by extension 'colcon_meta'
[0.221s] Level 1:colcon.colcon_core.package_identification:_identify(rtabmap_ros/rtabmap_python) by extensions ['ros']
[0.221s] Level 1:colcon.colcon_core.package_identification:_identify(rtabmap_ros/rtabmap_python) by extension 'ros'
[0.221s] DEBUG:colcon.colcon_core.package_identification:Package 'rtabmap_ros/rtabmap_python' with type 'ros.ament_python' and name 'rtabmap_python'
[0.221s] Level 1:colcon.colcon_core.package_identification:_identify(rtabmap_ros/rtabmap_ros) by extensions ['ignore', 'ignore_ament_install']
[0.222s] Level 1:colcon.colcon_core.package_identification:_identify(rtabmap_ros/rtabmap_ros) by extension 'ignore'
[0.222s] Level 1:colcon.colcon_core.package_identification:_identify(rtabmap_ros/rtabmap_ros) by extension 'ignore_ament_install'
[0.222s] Level 1:colcon.colcon_core.package_identification:_identify(rtabmap_ros/rtabmap_ros) by extensions ['colcon_pkg']
[0.222s] Level 1:colcon.colcon_core.package_identification:_identify(rtabmap_ros/rtabmap_ros) by extension 'colcon_pkg'
[0.222s] Level 1:colcon.colcon_core.package_identification:_identify(rtabmap_ros/rtabmap_ros) by extensions ['colcon_meta']
[0.222s] Level 1:colcon.colcon_core.package_identification:_identify(rtabmap_ros/rtabmap_ros) by extension 'colcon_meta'
[0.222s] Level 1:colcon.colcon_core.package_identification:_identify(rtabmap_ros/rtabmap_ros) by extensions ['ros']
[0.222s] Level 1:colcon.colcon_core.package_identification:_identify(rtabmap_ros/rtabmap_ros) by extension 'ros'
[0.222s] DEBUG:colcon.colcon_core.package_identification:Package 'rtabmap_ros/rtabmap_ros' with type 'ros.ament_cmake' and name 'rtabmap_ros'
[0.222s] Level 1:colcon.colcon_core.package_identification:_identify(rtabmap_ros/rtabmap_rviz_plugins) by extensions ['ignore', 'ignore_ament_install']
[0.222s] Level 1:colcon.colcon_core.package_identification:_identify(rtabmap_ros/rtabmap_rviz_plugins) by extension 'ignore'
[0.222s] Level 1:colcon.colcon_core.package_identification:_identify(rtabmap_ros/rtabmap_rviz_plugins) by extension 'ignore_ament_install'
[0.222s] Level 1:colcon.colcon_core.package_identification:_identify(rtabmap_ros/rtabmap_rviz_plugins) by extensions ['colcon_pkg']
[0.222s] Level 1:colcon.colcon_core.package_identification:_identify(rtabmap_ros/rtabmap_rviz_plugins) by extension 'colcon_pkg'
[0.222s] Level 1:colcon.colcon_core.package_identification:_identify(rtabmap_ros/rtabmap_rviz_plugins) by extensions ['colcon_meta']
[0.222s] Level 1:colcon.colcon_core.package_identification:_identify(rtabmap_ros/rtabmap_rviz_plugins) by extension 'colcon_meta'
[0.222s] Level 1:colcon.colcon_core.package_identification:_identify(rtabmap_ros/rtabmap_rviz_plugins) by extensions ['ros']
[0.222s] Level 1:colcon.colcon_core.package_identification:_identify(rtabmap_ros/rtabmap_rviz_plugins) by extension 'ros'
[0.223s] DEBUG:colcon.colcon_core.package_identification:Package 'rtabmap_ros/rtabmap_rviz_plugins' with type 'ros.ament_cmake' and name 'rtabmap_rviz_plugins'
[0.223s] Level 1:colcon.colcon_core.package_identification:_identify(rtabmap_ros/rtabmap_slam) by extensions ['ignore', 'ignore_ament_install']
[0.223s] Level 1:colcon.colcon_core.package_identification:_identify(rtabmap_ros/rtabmap_slam) by extension 'ignore'
[0.223s] Level 1:colcon.colcon_core.package_identification:_identify(rtabmap_ros/rtabmap_slam) by extension 'ignore_ament_install'
[0.223s] Level 1:colcon.colcon_core.package_identification:_identify(rtabmap_ros/rtabmap_slam) by extensions ['colcon_pkg']
[0.223s] Level 1:colcon.colcon_core.package_identification:_identify(rtabmap_ros/rtabmap_slam) by extension 'colcon_pkg'
[0.223s] Level 1:colcon.colcon_core.package_identification:_identify(rtabmap_ros/rtabmap_slam) by extensions ['colcon_meta']
[0.223s] Level 1:colcon.colcon_core.package_identification:_identify(rtabmap_ros/rtabmap_slam) by extension 'colcon_meta'
[0.223s] Level 1:colcon.colcon_core.package_identification:_identify(rtabmap_ros/rtabmap_slam) by extensions ['ros']
[0.223s] Level 1:colcon.colcon_core.package_identification:_identify(rtabmap_ros/rtabmap_slam) by extension 'ros'
[0.224s] DEBUG:colcon.colcon_core.package_identification:Package 'rtabmap_ros/rtabmap_slam' with type 'ros.ament_cmake' and name 'rtabmap_slam'
[0.224s] Level 1:colcon.colcon_core.package_identification:_identify(rtabmap_ros/rtabmap_sync) by extensions ['ignore', 'ignore_ament_install']
[0.224s] Level 1:colcon.colcon_core.package_identification:_identify(rtabmap_ros/rtabmap_sync) by extension 'ignore'
[0.224s] Level 1:colcon.colcon_core.package_identification:_identify(rtabmap_ros/rtabmap_sync) by extension 'ignore_ament_install'
[0.224s] Level 1:colcon.colcon_core.package_identification:_identify(rtabmap_ros/rtabmap_sync) by extensions ['colcon_pkg']
[0.224s] Level 1:colcon.colcon_core.package_identification:_identify(rtabmap_ros/rtabmap_sync) by extension 'colcon_pkg'
[0.224s] Level 1:colcon.colcon_core.package_identification:_identify(rtabmap_ros/rtabmap_sync) by extensions ['colcon_meta']
[0.224s] Level 1:colcon.colcon_core.package_identification:_identify(rtabmap_ros/rtabmap_sync) by extension 'colcon_meta'
[0.224s] Level 1:colcon.colcon_core.package_identification:_identify(rtabmap_ros/rtabmap_sync) by extensions ['ros']
[0.224s] Level 1:colcon.colcon_core.package_identification:_identify(rtabmap_ros/rtabmap_sync) by extension 'ros'
[0.225s] DEBUG:colcon.colcon_core.package_identification:Package 'rtabmap_ros/rtabmap_sync' with type 'ros.ament_cmake' and name 'rtabmap_sync'
[0.225s] Level 1:colcon.colcon_core.package_identification:_identify(rtabmap_ros/rtabmap_util) by extensions ['ignore', 'ignore_ament_install']
[0.225s] Level 1:colcon.colcon_core.package_identification:_identify(rtabmap_ros/rtabmap_util) by extension 'ignore'
[0.225s] Level 1:colcon.colcon_core.package_identification:_identify(rtabmap_ros/rtabmap_util) by extension 'ignore_ament_install'
[0.225s] Level 1:colcon.colcon_core.package_identification:_identify(rtabmap_ros/rtabmap_util) by extensions ['colcon_pkg']
[0.225s] Level 1:colcon.colcon_core.package_identification:_identify(rtabmap_ros/rtabmap_util) by extension 'colcon_pkg'
[0.225s] Level 1:colcon.colcon_core.package_identification:_identify(rtabmap_ros/rtabmap_util) by extensions ['colcon_meta']
[0.225s] Level 1:colcon.colcon_core.package_identification:_identify(rtabmap_ros/rtabmap_util) by extension 'colcon_meta'
[0.225s] Level 1:colcon.colcon_core.package_identification:_identify(rtabmap_ros/rtabmap_util) by extensions ['ros']
[0.225s] Level 1:colcon.colcon_core.package_identification:_identify(rtabmap_ros/rtabmap_util) by extension 'ros'
[0.226s] DEBUG:colcon.colcon_core.package_identification:Package 'rtabmap_ros/rtabmap_util' with type 'ros.ament_cmake' and name 'rtabmap_util'
[0.226s] Level 1:colcon.colcon_core.package_identification:_identify(rtabmap_ros/rtabmap_viz) by extensions ['ignore', 'ignore_ament_install']
[0.226s] Level 1:colcon.colcon_core.package_identification:_identify(rtabmap_ros/rtabmap_viz) by extension 'ignore'
[0.226s] Level 1:colcon.colcon_core.package_identification:_identify(rtabmap_ros/rtabmap_viz) by extension 'ignore_ament_install'
[0.226s] Level 1:colcon.colcon_core.package_identification:_identify(rtabmap_ros/rtabmap_viz) by extensions ['colcon_pkg']
[0.226s] Level 1:colcon.colcon_core.package_identification:_identify(rtabmap_ros/rtabmap_viz) by extension 'colcon_pkg'
[0.226s] Level 1:colcon.colcon_core.package_identification:_identify(rtabmap_ros/rtabmap_viz) by extensions ['colcon_meta']
[0.226s] Level 1:colcon.colcon_core.package_identification:_identify(rtabmap_ros/rtabmap_viz) by extension 'colcon_meta'
[0.226s] Level 1:colcon.colcon_core.package_identification:_identify(rtabmap_ros/rtabmap_viz) by extensions ['ros']
[0.226s] Level 1:colcon.colcon_core.package_identification:_identify(rtabmap_ros/rtabmap_viz) by extension 'ros'
[0.227s] DEBUG:colcon.colcon_core.package_identification:Package 'rtabmap_ros/rtabmap_viz' with type 'ros.ament_cmake' and name 'rtabmap_viz'
[0.227s] Level 1:colcon.colcon_core.package_discovery:discover_packages(recursive) using defaults
[0.227s] Level 1:colcon.colcon_core.package_discovery:discover_packages(ignore) discover
[0.227s] Level 1:colcon.colcon_core.package_discovery:discover_packages(ignore) using defaults
[0.227s] Level 1:colcon.colcon_core.package_discovery:discover_packages(path) discover
[0.227s] Level 1:colcon.colcon_core.package_discovery:discover_packages(path) using defaults
[0.243s] INFO:colcon.colcon_core.package_selection:Skipping not selected package 'gazebo_tutorials' in 'gazebo_ros_demos/gazebo_tutorials'
[0.243s] INFO:colcon.colcon_core.package_selection:Skipping not selected package 'rrbot_control' in 'gazebo_ros_demos/rrbot_control'
[0.243s] INFO:colcon.colcon_core.package_selection:Skipping not selected package 'rrbot_description' in 'gazebo_ros_demos/rrbot_description'
[0.243s] INFO:colcon.colcon_core.package_selection:Skipping not selected package 'rtabmap_costmap_plugins' in 'rtabmap_ros/rtabmap_costmap_plugins'
[0.243s] INFO:colcon.colcon_core.package_selection:Skipping not selected package 'rtabmap_msgs' in 'rtabmap_ros/rtabmap_msgs'
[0.243s] INFO:colcon.colcon_core.package_selection:Skipping not selected package 'rtabmap_python' in 'rtabmap_ros/rtabmap_python'
[0.243s] INFO:colcon.colcon_core.package_selection:Skipping not selected package 'rrbot_gazebo' in 'gazebo_ros_demos/rrbot_gazebo'
[0.243s] INFO:colcon.colcon_core.package_selection:Skipping not selected package 'rtabmap_conversions' in 'rtabmap_ros/rtabmap_conversions'
[0.243s] INFO:colcon.colcon_core.package_selection:Skipping not selected package 'rtabmap_rviz_plugins' in 'rtabmap_ros/rtabmap_rviz_plugins'
[0.244s] INFO:colcon.colcon_core.package_selection:Skipping not selected package 'rtabmap_sync' in 'rtabmap_ros/rtabmap_sync'
[0.244s] INFO:colcon.colcon_core.package_selection:Skipping not selected package 'rtabmap_util' in 'rtabmap_ros/rtabmap_util'
[0.244s] INFO:colcon.colcon_core.package_selection:Skipping not selected package 'rtabmap_viz' in 'rtabmap_ros/rtabmap_viz'
[0.244s] INFO:colcon.colcon_core.package_selection:Skipping not selected package 'rtabmap_odom' in 'rtabmap_ros/rtabmap_odom'
[0.244s] INFO:colcon.colcon_core.package_selection:Skipping not selected package 'rtabmap_slam' in 'rtabmap_ros/rtabmap_slam'
[0.244s] INFO:colcon.colcon_core.package_selection:Skipping not selected package 'rtabmap_demos' in 'rtabmap_ros/rtabmap_demos'
[0.244s] INFO:colcon.colcon_core.package_selection:Skipping not selected package 'rtabmap_examples' in 'rtabmap_ros/rtabmap_examples'
[0.244s] INFO:colcon.colcon_core.package_selection:Skipping not selected package 'rtabmap_launch' in 'rtabmap_ros/rtabmap_launch'
[0.244s] INFO:colcon.colcon_core.package_selection:Skipping not selected package 'rtabmap_ros' in 'rtabmap_ros/rtabmap_ros'
[0.244s] Level 1:colcon.colcon_core.package_discovery:discover_packages(prefix_path) check parameters
[0.244s] Level 1:colcon.colcon_core.package_discovery:discover_packages(prefix_path) discover
[0.244s] WARNING:colcon.colcon_core.prefix_path.colcon:The path '/home/maddy/turtlebot3_ws/install' in the environment variable COLCON_PREFIX_PATH doesn't exist
[0.245s] WARNING:colcon.colcon_ros.prefix_path.ament:The path '/home/maddy/drone_ws/install/drone_explorer' in the environment variable AMENT_PREFIX_PATH doesn't exist
[0.245s] WARNING:colcon.colcon_ros.prefix_path.ament:The path '/home/maddy/turtlebot3_ws/install/turtlebot3' in the environment variable AMENT_PREFIX_PATH doesn't exist
[0.245s] WARNING:colcon.colcon_ros.prefix_path.ament:The path '/home/maddy/turtlebot3_ws/install/turtlebot3_teleop' in the environment variable AMENT_PREFIX_PATH doesn't exist
[0.245s] WARNING:colcon.colcon_ros.prefix_path.ament:The path '/home/maddy/turtlebot3_ws/install/turtlebot3_simulations' in the environment variable AMENT_PREFIX_PATH doesn't exist
[0.245s] WARNING:colcon.colcon_ros.prefix_path.ament:The path '/home/maddy/turtlebot3_ws/install/turtlebot3_bringup' in the environment variable AMENT_PREFIX_PATH doesn't exist
[0.245s] WARNING:colcon.colcon_ros.prefix_path.ament:The path '/home/maddy/turtlebot3_ws/install/turtlebot3_node' in the environment variable AMENT_PREFIX_PATH doesn't exist
[0.245s] WARNING:colcon.colcon_ros.prefix_path.ament:The path '/home/maddy/turtlebot3_ws/install/turtlebot3_navigation2' in the environment variable AMENT_PREFIX_PATH doesn't exist
[0.245s] WARNING:colcon.colcon_ros.prefix_path.ament:The path '/home/maddy/turtlebot3_ws/install/turtlebot3_fake_node' in the environment variable AMENT_PREFIX_PATH doesn't exist
[0.245s] WARNING:colcon.colcon_ros.prefix_path.ament:The path '/home/maddy/turtlebot3_ws/install/turtlebot3_example' in the environment variable AMENT_PREFIX_PATH doesn't exist
[0.245s] WARNING:colcon.colcon_ros.prefix_path.ament:The path '/home/maddy/turtlebot3_ws/install/turtlebot3_msgs' in the environment variable AMENT_PREFIX_PATH doesn't exist
[0.245s] WARNING:colcon.colcon_ros.prefix_path.ament:The path '/home/maddy/turtlebot3_ws/install/turtlebot3_manipulation_gazebo' in the environment variable AMENT_PREFIX_PATH doesn't exist
[0.245s] WARNING:colcon.colcon_ros.prefix_path.ament:The path '/home/maddy/turtlebot3_ws/install/turtlebot3_gazebo' in the environment variable AMENT_PREFIX_PATH doesn't exist
[0.245s] WARNING:colcon.colcon_ros.prefix_path.ament:The path '/home/maddy/turtlebot3_ws/install/turtlebot3_description' in the environment variable AMENT_PREFIX_PATH doesn't exist
[0.245s] WARNING:colcon.colcon_ros.prefix_path.ament:The path '/home/maddy/turtlebot3_ws/install/turtlebot3_cartographer' in the environment variable AMENT_PREFIX_PATH doesn't exist
[0.245s] WARNING:colcon.colcon_ros.prefix_path.ament:The path '/home/maddy/turtlebot3_ws/install/turtlebot3_braitenberg' in the environment variable AMENT_PREFIX_PATH doesn't exist
[0.245s] WARNING:colcon.colcon_ros.prefix_path.ament:The path '/home/maddy/turtlebot3_ws/install/dynamixel_sdk_examples' in the environment variable AMENT_PREFIX_PATH doesn't exist
[0.245s] WARNING:colcon.colcon_ros.prefix_path.ament:The path '/home/maddy/turtlebot3_ws/install/dynamixel_sdk_custom_interfaces' in the environment variable AMENT_PREFIX_PATH doesn't exist
[0.245s] WARNING:colcon.colcon_ros.prefix_path.ament:The path '/home/maddy/turtlebot3_ws/install/dynamixel_sdk' in the environment variable AMENT_PREFIX_PATH doesn't exist
[0.245s] WARNING:colcon.colcon_ros.prefix_path.catkin:The path '/home/maddy/drone_ws/install/drone_explorer' in the environment variable CMAKE_PREFIX_PATH doesn't exist
[0.245s] WARNING:colcon.colcon_ros.prefix_path.catkin:The path '/home/maddy/turtlebot3_ws/install/turtlebot3' in the environment variable CMAKE_PREFIX_PATH doesn't exist
[0.245s] WARNING:colcon.colcon_ros.prefix_path.catkin:The path '/home/maddy/turtlebot3_ws/install/turtlebot3_simulations' in the environment variable CMAKE_PREFIX_PATH doesn't exist
[0.245s] WARNING:colcon.colcon_ros.prefix_path.catkin:The path '/home/maddy/turtlebot3_ws/install/turtlebot3_bringup' in the environment variable CMAKE_PREFIX_PATH doesn't exist
[0.245s] WARNING:colcon.colcon_ros.prefix_path.catkin:The path '/home/maddy/turtlebot3_ws/install/turtlebot3_node' in the environment variable CMAKE_PREFIX_PATH doesn't exist
[0.245s] WARNING:colcon.colcon_ros.prefix_path.catkin:The path '/home/maddy/turtlebot3_ws/install/turtlebot3_navigation2' in the environment variable CMAKE_PREFIX_PATH doesn't exist
[0.245s] WARNING:colcon.colcon_ros.prefix_path.catkin:The path '/home/maddy/turtlebot3_ws/install/turtlebot3_fake_node' in the environment variable CMAKE_PREFIX_PATH doesn't exist
[0.245s] WARNING:colcon.colcon_ros.prefix_path.catkin:The path '/home/maddy/turtlebot3_ws/install/turtlebot3_msgs' in the environment variable CMAKE_PREFIX_PATH doesn't exist
[0.245s] WARNING:colcon.colcon_ros.prefix_path.catkin:The path '/home/maddy/turtlebot3_ws/install/turtlebot3_manipulation_gazebo' in the environment variable CMAKE_PREFIX_PATH doesn't exist
[0.245s] WARNING:colcon.colcon_ros.prefix_path.catkin:The path '/home/maddy/turtlebot3_ws/install/turtlebot3_gazebo' in the environment variable CMAKE_PREFIX_PATH doesn't exist
[0.245s] WARNING:colcon.colcon_ros.prefix_path.catkin:The path '/home/maddy/turtlebot3_ws/install/turtlebot3_description' in the environment variable CMAKE_PREFIX_PATH doesn't exist
[0.245s] WARNING:colcon.colcon_ros.prefix_path.catkin:The path '/home/maddy/turtlebot3_ws/install/turtlebot3_cartographer' in the environment variable CMAKE_PREFIX_PATH doesn't exist
[0.245s] WARNING:colcon.colcon_ros.prefix_path.catkin:The path '/home/maddy/turtlebot3_ws/install/dynamixel_sdk_examples' in the environment variable CMAKE_PREFIX_PATH doesn't exist
[0.245s] WARNING:colcon.colcon_ros.prefix_path.catkin:The path '/home/maddy/turtlebot3_ws/install/dynamixel_sdk_custom_interfaces' in the environment variable CMAKE_PREFIX_PATH doesn't exist
[0.245s] WARNING:colcon.colcon_ros.prefix_path.catkin:The path '/home/maddy/turtlebot3_ws/install/dynamixel_sdk' in the environment variable CMAKE_PREFIX_PATH doesn't exist
[0.246s] DEBUG:colcon.colcon_installed_package_information.package_discovery:Found 5 installed packages in /home/maddy/drone_ws/install
[0.246s] DEBUG:colcon.colcon_installed_package_information.package_discovery:Found 1 installed packages in /home/maddy/drone_exploration_ws/install
[0.247s] DEBUG:colcon.colcon_installed_package_information.package_discovery:Found 397 installed packages in /opt/ros/humble
[0.248s] Level 1:colcon.colcon_core.package_discovery:discover_packages(prefix_path) using defaults
[0.275s] Level 5:colcon.colcon_core.verb:set package 'drone_rl' build argument 'cmake_args' from command line to 'None'
[0.275s] Level 5:colcon.colcon_core.verb:set package 'drone_rl' build argument 'cmake_target' from command line to 'None'
[0.275s] Level 5:colcon.colcon_core.verb:set package 'drone_rl' build argument 'cmake_target_skip_unavailable' from command line to 'False'
[0.275s] Level 5:colcon.colcon_core.verb:set package 'drone_rl' build argument 'cmake_clean_cache' from command line to 'False'
[0.275s] Level 5:colcon.colcon_core.verb:set package 'drone_rl' build argument 'cmake_clean_first' from command line to 'False'
[0.275s] Level 5:colcon.colcon_core.verb:set package 'drone_rl' build argument 'cmake_force_configure' from command line to 'False'
[0.275s] Level 5:colcon.colcon_core.verb:set package 'drone_rl' build argument 'ament_cmake_args' from command line to 'None'
[0.275s] Level 5:colcon.colcon_core.verb:set package 'drone_rl' build argument 'catkin_cmake_args' from command line to 'None'
[0.275s] Level 5:colcon.colcon_core.verb:set package 'drone_rl' build argument 'catkin_skip_building_tests' from command line to 'False'
[0.275s] DEBUG:colcon.colcon_core.verb:Building package 'drone_rl' with the following arguments: {'ament_cmake_args': None, 'build_base': '/home/maddy/drone_ws/src/build/drone_rl', 'catkin_cmake_args': None, 'catkin_skip_building_tests': False, 'cmake_args': None, 'cmake_clean_cache': False, 'cmake_clean_first': False, 'cmake_force_configure': False, 'cmake_target': None, 'cmake_target_skip_unavailable': False, 'install_base': '/home/maddy/drone_ws/src/install/drone_rl', 'merge_install': False, 'path': '/home/maddy/drone_ws/src/drone_rl', 'symlink_install': False, 'test_result_base': None}
[0.275s] INFO:colcon.colcon_core.executor:Executing jobs using 'parallel' executor
[0.276s] DEBUG:colcon.colcon_parallel_executor.executor.parallel:run_until_complete
[0.276s] INFO:colcon.colcon_ros.task.ament_python.build:Building ROS package in '/home/maddy/drone_ws/src/drone_rl' with build type 'ament_python'
[0.276s] Level 1:colcon.colcon_core.shell:create_environment_hook('drone_rl', 'ament_prefix_path')
[0.277s] INFO:colcon.colcon_core.plugin_system:Skipping extension 'colcon_core.shell.bat': Not used on non-Windows systems
[0.277s] INFO:colcon.colcon_core.shell:Creating environment hook '/home/maddy/drone_ws/src/install/drone_rl/share/drone_rl/hook/ament_prefix_path.ps1'
[0.278s] INFO:colcon.colcon_core.shell:Creating environment descriptor '/home/maddy/drone_ws/src/install/drone_rl/share/drone_rl/hook/ament_prefix_path.dsv'
[0.278s] INFO:colcon.colcon_core.shell:Creating environment hook '/home/maddy/drone_ws/src/install/drone_rl/share/drone_rl/hook/ament_prefix_path.sh'
[0.279s] INFO:colcon.colcon_core.shell:Skip shell extension 'powershell' for command environment: Not usable outside of PowerShell
[0.279s] DEBUG:colcon.colcon_core.shell:Skip shell extension 'dsv' for command environment
[0.455s] INFO:colcon.colcon_core.task.python.build:Building Python package in '/home/maddy/drone_ws/src/drone_rl'
[0.456s] INFO:colcon.colcon_core.shell:Skip shell extension 'powershell' for command environment: Not usable outside of PowerShell
[0.456s] DEBUG:colcon.colcon_core.shell:Skip shell extension 'dsv' for command environment
[0.769s] DEBUG:colcon.colcon_core.event_handler.log_command:Invoking command in '/home/maddy/drone_ws/src/drone_rl': PYTHONPATH=/home/maddy/drone_ws/src/build/drone_rl/prefix_override:/usr/lib/python3/dist-packages/colcon_core/task/python/colcon_distutils_commands:/home/maddy/drone_ws/src/install/drone_rl/lib/python3.10/site-packages:${PYTHONPATH} /usr/bin/python3 -W ignore:setup.py install is deprecated -W ignore:easy_install command is deprecated setup.py egg_info --egg-base ../build/drone_rl build --build-base /home/maddy/drone_ws/src/build/drone_rl/build install --record /home/maddy/drone_ws/src/build/drone_rl/install.log --single-version-externally-managed install_data
[0.979s] DEBUG:colcon.colcon_core.event_handler.log_command:Invoked command in '/home/maddy/drone_ws/src/drone_rl' returned '0': PYTHONPATH=/home/maddy/drone_ws/src/build/drone_rl/prefix_override:/usr/lib/python3/dist-packages/colcon_core/task/python/colcon_distutils_commands:/home/maddy/drone_ws/src/install/drone_rl/lib/python3.10/site-packages:${PYTHONPATH} /usr/bin/python3 -W ignore:setup.py install is deprecated -W ignore:easy_install command is deprecated setup.py egg_info --egg-base ../build/drone_rl build --build-base /home/maddy/drone_ws/src/build/drone_rl/build install --record /home/maddy/drone_ws/src/build/drone_rl/install.log --single-version-externally-managed install_data
[0.980s] Level 1:colcon.colcon_core.environment:checking '/home/maddy/drone_ws/src/install/drone_rl' for CMake module files
[0.980s] Level 1:colcon.colcon_core.environment:checking '/home/maddy/drone_ws/src/install/drone_rl' for CMake config files
[0.981s] Level 1:colcon.colcon_core.environment:checking '/home/maddy/drone_ws/src/install/drone_rl/lib'
[0.981s] Level 1:colcon.colcon_core.environment:checking '/home/maddy/drone_ws/src/install/drone_rl/bin'
[0.981s] Level 1:colcon.colcon_core.shell:create_environment_hook('drone_rl', 'path')
[0.981s] INFO:colcon.colcon_core.shell:Creating environment hook '/home/maddy/drone_ws/src/install/drone_rl/share/drone_rl/hook/path.ps1'
[0.981s] INFO:colcon.colcon_core.shell:Creating environment descriptor '/home/maddy/drone_ws/src/install/drone_rl/share/drone_rl/hook/path.dsv'
[0.981s] INFO:colcon.colcon_core.shell:Creating environment hook '/home/maddy/drone_ws/src/install/drone_rl/share/drone_rl/hook/path.sh'
[0.982s] Level 1:colcon.colcon_core.environment:checking '/home/maddy/drone_ws/src/install/drone_rl/lib/pkgconfig/drone_rl.pc'
[0.982s] Level 1:colcon.colcon_core.environment:checking '/home/maddy/drone_ws/src/install/drone_rl/lib/python3.10/site-packages'
[0.982s] Level 1:colcon.colcon_core.shell:create_environment_hook('drone_rl', 'pythonpath')
[0.982s] INFO:colcon.colcon_core.shell:Creating environment hook '/home/maddy/drone_ws/src/install/drone_rl/share/drone_rl/hook/pythonpath.ps1'
[0.982s] INFO:colcon.colcon_core.shell:Creating environment descriptor '/home/maddy/drone_ws/src/install/drone_rl/share/drone_rl/hook/pythonpath.dsv'
[0.982s] INFO:colcon.colcon_core.shell:Creating environment hook '/home/maddy/drone_ws/src/install/drone_rl/share/drone_rl/hook/pythonpath.sh'
[0.983s] Level 1:colcon.colcon_core.environment:checking '/home/maddy/drone_ws/src/install/drone_rl/bin'
[0.983s] Level 1:colcon.colcon_core.shell:create_environment_hook('drone_rl', 'pythonscriptspath')
[0.983s] INFO:colcon.colcon_core.shell:Creating environment hook '/home/maddy/drone_ws/src/install/drone_rl/share/drone_rl/hook/pythonscriptspath.ps1'
[0.983s] INFO:colcon.colcon_core.shell:Creating environment descriptor '/home/maddy/drone_ws/src/install/drone_rl/share/drone_rl/hook/pythonscriptspath.dsv'
[0.983s] INFO:colcon.colcon_core.shell:Creating environment hook '/home/maddy/drone_ws/src/install/drone_rl/share/drone_rl/hook/pythonscriptspath.sh'
[0.983s] Level 1:colcon.colcon_core.environment:create_environment_scripts_only(drone_rl)
[0.983s] INFO:colcon.colcon_core.shell:Creating package script '/home/maddy/drone_ws/src/install/drone_rl/share/drone_rl/package.ps1'
[0.984s] INFO:colcon.colcon_core.shell:Creating package descriptor '/home/maddy/drone_ws/src/install/drone_rl/share/drone_rl/package.dsv'
[0.984s] INFO:colcon.colcon_core.shell:Creating package script '/home/maddy/drone_ws/src/install/drone_rl/share/drone_rl/package.sh'
[0.985s] INFO:colcon.colcon_core.shell:Creating package script '/home/maddy/drone_ws/src/install/drone_rl/share/drone_rl/package.bash'
[0.985s] INFO:colcon.colcon_core.shell:Creating package script '/home/maddy/drone_ws/src/install/drone_rl/share/drone_rl/package.zsh'
[0.985s] Level 1:colcon.colcon_core.environment:create_file_with_runtime_dependencies(/home/maddy/drone_ws/src/install/drone_rl/share/colcon-core/packages/drone_rl)
[0.986s] DEBUG:colcon.colcon_parallel_executor.executor.parallel:closing loop
[0.986s] DEBUG:colcon.colcon_parallel_executor.executor.parallel:loop closed
[0.986s] DEBUG:colcon.colcon_parallel_executor.executor.parallel:run_until_complete finished with '0'
[0.986s] DEBUG:colcon.colcon_core.event_reactor:joining thread
[0.989s] INFO:colcon.colcon_core.plugin_system:Skipping extension 'colcon_notification.desktop_notification.terminal_notifier': Not used on non-Darwin systems
[0.989s] INFO:colcon.colcon_core.plugin_system:Skipping extension 'colcon_notification.desktop_notification.win32': Not used on non-Windows systems
[0.989s] INFO:colcon.colcon_notification.desktop_notification:Sending desktop notification using 'notify2'
[0.991s] DEBUG:colcon.colcon_core.event_reactor:joined thread
[0.991s] INFO:colcon.colcon_core.shell:Creating prefix script '/home/maddy/drone_ws/src/install/local_setup.ps1'
[0.992s] INFO:colcon.colcon_core.shell:Creating prefix util module '/home/maddy/drone_ws/src/install/_local_setup_util_ps1.py'
[0.993s] INFO:colcon.colcon_core.shell:Creating prefix chain script '/home/maddy/drone_ws/src/install/setup.ps1'
[0.993s] INFO:colcon.colcon_core.shell:Creating prefix script '/home/maddy/drone_ws/src/install/local_setup.sh'
[0.994s] INFO:colcon.colcon_core.shell:Creating prefix util module '/home/maddy/drone_ws/src/install/_local_setup_util_sh.py'
[0.994s] INFO:colcon.colcon_core.shell:Creating prefix chain script '/home/maddy/drone_ws/src/install/setup.sh'
[0.995s] INFO:colcon.colcon_core.shell:Creating prefix script '/home/maddy/drone_ws/src/install/local_setup.bash'
[0.995s] INFO:colcon.colcon_core.shell:Creating prefix chain script '/home/maddy/drone_ws/src/install/setup.bash'
[0.996s] INFO:colcon.colcon_core.shell:Creating prefix script '/home/maddy/drone_ws/src/install/local_setup.zsh'
[0.996s] INFO:colcon.colcon_core.shell:Creating prefix chain script '/home/maddy/drone_ws/src/install/setup.zsh'
