/home/maddy/drone_ws/install/drone_rl/lib/python3.10/site-packages/drone_rl/environment_interface.py
/home/maddy/drone_ws/install/drone_rl/lib/python3.10/site-packages/drone_rl/q_learning_agent.py
/home/maddy/drone_ws/install/drone_rl/lib/python3.10/site-packages/drone_rl/exploration_metrics.py
/home/maddy/drone_ws/install/drone_rl/lib/python3.10/site-packages/drone_rl/__init__.py
/home/maddy/drone_ws/install/drone_rl/lib/python3.10/site-packages/drone_rl/__pycache__/environment_interface.cpython-310.pyc
/home/maddy/drone_ws/install/drone_rl/lib/python3.10/site-packages/drone_rl/__pycache__/q_learning_agent.cpython-310.pyc
/home/maddy/drone_ws/install/drone_rl/lib/python3.10/site-packages/drone_rl/__pycache__/exploration_metrics.cpython-310.pyc
/home/maddy/drone_ws/install/drone_rl/lib/python3.10/site-packages/drone_rl/__pycache__/__init__.cpython-310.pyc
/home/maddy/drone_ws/install/drone_rl/share/ament_index/resource_index/packages/drone_rl
/home/maddy/drone_ws/install/drone_rl/share/drone_rl/package.xml
/home/maddy/drone_ws/install/drone_rl/share/drone_rl/launch/sim_launch.py
/home/maddy/drone_ws/install/drone_rl/share/drone_rl/launch/test_launch.py
/home/maddy/drone_ws/install/drone_rl/share/drone_rl/config/drone_config.yaml
/home/maddy/drone_ws/install/drone_rl/share/drone_rl/config/drone_exploration_robust.rviz
/home/maddy/drone_ws/install/drone_rl/share/drone_rl/urdf/drone.urdf.xacro
/home/maddy/drone_ws/install/drone_rl/share/drone_rl/urdf/drone_simple.urdf
/home/maddy/drone_ws/install/drone_rl/share/drone_rl/worlds/exploration_world.world
/home/maddy/drone_ws/install/drone_rl/share/drone_rl/worlds/maze_world.world
/home/maddy/drone_ws/install/drone_rl/share/drone_rl/worlds/rooms_world.world
/home/maddy/drone_ws/install/drone_rl/share/drone_rl/worlds/scattered_world.world
/home/maddy/drone_ws/install/drone_rl/share/drone_rl/scripts/quick_start.sh
/home/maddy/drone_ws/install/drone_rl/lib/python3.10/site-packages/drone_rl-1.0.0-py3.10.egg-info/zip-safe
/home/maddy/drone_ws/install/drone_rl/lib/python3.10/site-packages/drone_rl-1.0.0-py3.10.egg-info/dependency_links.txt
/home/maddy/drone_ws/install/drone_rl/lib/python3.10/site-packages/drone_rl-1.0.0-py3.10.egg-info/top_level.txt
/home/maddy/drone_ws/install/drone_rl/lib/python3.10/site-packages/drone_rl-1.0.0-py3.10.egg-info/entry_points.txt
/home/maddy/drone_ws/install/drone_rl/lib/python3.10/site-packages/drone_rl-1.0.0-py3.10.egg-info/PKG-INFO
/home/maddy/drone_ws/install/drone_rl/lib/python3.10/site-packages/drone_rl-1.0.0-py3.10.egg-info/SOURCES.txt
/home/maddy/drone_ws/install/drone_rl/lib/python3.10/site-packages/drone_rl-1.0.0-py3.10.egg-info/requires.txt
/home/maddy/drone_ws/install/drone_rl/bin/environment_interface
/home/maddy/drone_ws/install/drone_rl/bin/exploration_metrics
/home/maddy/drone_ws/install/drone_rl/bin/q_learning_agent
