[0.466s] Invoking command in '/home/maddy/drone_ws/src/drone_rl': PYTHONPATH=/home/maddy/drone_ws/build/drone_rl/prefix_override:/usr/lib/python3/dist-packages/colcon_core/task/python/colcon_distutils_commands:/home/maddy/drone_ws/install/drone_rl/lib/python3.10/site-packages:${PYTHONPATH} /usr/bin/python3 -W ignore:setup.py install is deprecated -W ignore:easy_install command is deprecated setup.py egg_info --egg-base ../../build/drone_rl build --build-base /home/maddy/drone_ws/build/drone_rl/build install --record /home/maddy/drone_ws/build/drone_rl/install.log --single-version-externally-managed install_data
[0.633s] running egg_info
[0.633s] creating ../../build/drone_rl/drone_rl.egg-info
[0.633s] writing ../../build/drone_rl/drone_rl.egg-info/PKG-INFO
[0.634s] writing dependency_links to ../../build/drone_rl/drone_rl.egg-info/dependency_links.txt
[0.634s] writing entry points to ../../build/drone_rl/drone_rl.egg-info/entry_points.txt
[0.634s] writing requirements to ../../build/drone_rl/drone_rl.egg-info/requires.txt
[0.634s] writing top-level names to ../../build/drone_rl/drone_rl.egg-info/top_level.txt
[0.634s] writing manifest file '../../build/drone_rl/drone_rl.egg-info/SOURCES.txt'
[0.635s] reading manifest file '../../build/drone_rl/drone_rl.egg-info/SOURCES.txt'
[0.635s] writing manifest file '../../build/drone_rl/drone_rl.egg-info/SOURCES.txt'
[0.635s] running build
[0.635s] running build_py
[0.635s] creating /home/maddy/drone_ws/build/drone_rl/build
[0.635s] creating /home/maddy/drone_ws/build/drone_rl/build/lib
[0.635s] creating /home/maddy/drone_ws/build/drone_rl/build/lib/drone_rl
[0.635s] copying drone_rl/environment_interface.py -> /home/maddy/drone_ws/build/drone_rl/build/lib/drone_rl
[0.636s] copying drone_rl/q_learning_agent.py -> /home/maddy/drone_ws/build/drone_rl/build/lib/drone_rl
[0.636s] copying drone_rl/exploration_metrics.py -> /home/maddy/drone_ws/build/drone_rl/build/lib/drone_rl
[0.636s] copying drone_rl/__init__.py -> /home/maddy/drone_ws/build/drone_rl/build/lib/drone_rl
[0.636s] running install
[0.636s] running install_lib
[0.636s] creating /home/maddy/drone_ws/install/drone_rl/lib/python3.10/site-packages/drone_rl
[0.636s] copying /home/maddy/drone_ws/build/drone_rl/build/lib/drone_rl/environment_interface.py -> /home/maddy/drone_ws/install/drone_rl/lib/python3.10/site-packages/drone_rl
[0.636s] copying /home/maddy/drone_ws/build/drone_rl/build/lib/drone_rl/q_learning_agent.py -> /home/maddy/drone_ws/install/drone_rl/lib/python3.10/site-packages/drone_rl
[0.637s] copying /home/maddy/drone_ws/build/drone_rl/build/lib/drone_rl/exploration_metrics.py -> /home/maddy/drone_ws/install/drone_rl/lib/python3.10/site-packages/drone_rl
[0.637s] copying /home/maddy/drone_ws/build/drone_rl/build/lib/drone_rl/__init__.py -> /home/maddy/drone_ws/install/drone_rl/lib/python3.10/site-packages/drone_rl
[0.637s] byte-compiling /home/maddy/drone_ws/install/drone_rl/lib/python3.10/site-packages/drone_rl/environment_interface.py to environment_interface.cpython-310.pyc
[0.638s] byte-compiling /home/maddy/drone_ws/install/drone_rl/lib/python3.10/site-packages/drone_rl/q_learning_agent.py to q_learning_agent.cpython-310.pyc
[0.639s] byte-compiling /home/maddy/drone_ws/install/drone_rl/lib/python3.10/site-packages/drone_rl/exploration_metrics.py to exploration_metrics.cpython-310.pyc
[0.640s] byte-compiling /home/maddy/drone_ws/install/drone_rl/lib/python3.10/site-packages/drone_rl/__init__.py to __init__.cpython-310.pyc
[0.640s] running install_data
[0.640s] creating /home/maddy/drone_ws/install/drone_rl/share/ament_index
[0.640s] creating /home/maddy/drone_ws/install/drone_rl/share/ament_index/resource_index
[0.641s] creating /home/maddy/drone_ws/install/drone_rl/share/ament_index/resource_index/packages
[0.641s] copying resource/drone_rl -> /home/maddy/drone_ws/install/drone_rl/share/ament_index/resource_index/packages
[0.641s] copying package.xml -> /home/maddy/drone_ws/install/drone_rl/share/drone_rl
[0.641s] creating /home/maddy/drone_ws/install/drone_rl/share/drone_rl/launch
[0.641s] copying launch/sim_launch.py -> /home/maddy/drone_ws/install/drone_rl/share/drone_rl/launch
[0.641s] copying launch/test_launch.py -> /home/maddy/drone_ws/install/drone_rl/share/drone_rl/launch
[0.641s] creating /home/maddy/drone_ws/install/drone_rl/share/drone_rl/config
[0.641s] copying config/drone_config.yaml -> /home/maddy/drone_ws/install/drone_rl/share/drone_rl/config
[0.641s] copying config/drone_exploration.rviz -> /home/maddy/drone_ws/install/drone_rl/share/drone_rl/config
[0.641s] creating /home/maddy/drone_ws/install/drone_rl/share/drone_rl/urdf
[0.641s] copying urdf/drone.urdf.xacro -> /home/maddy/drone_ws/install/drone_rl/share/drone_rl/urdf
[0.641s] copying urdf/drone_simple.urdf -> /home/maddy/drone_ws/install/drone_rl/share/drone_rl/urdf
[0.641s] creating /home/maddy/drone_ws/install/drone_rl/share/drone_rl/worlds
[0.641s] copying worlds/exploration_world.world -> /home/maddy/drone_ws/install/drone_rl/share/drone_rl/worlds
[0.641s] creating /home/maddy/drone_ws/install/drone_rl/share/drone_rl/scripts
[0.641s] copying scripts/quick_start.sh -> /home/maddy/drone_ws/install/drone_rl/share/drone_rl/scripts
[0.641s] running install_egg_info
[0.642s] Copying ../../build/drone_rl/drone_rl.egg-info to /home/maddy/drone_ws/install/drone_rl/lib/python3.10/site-packages/drone_rl-1.0.0-py3.10.egg-info
[0.643s] running install_scripts
[0.660s] Installing environment_interface script to /home/maddy/drone_ws/install/drone_rl/bin
[0.660s] Installing exploration_metrics script to /home/maddy/drone_ws/install/drone_rl/bin
[0.660s] Installing q_learning_agent script to /home/maddy/drone_ws/install/drone_rl/bin
[0.660s] writing list of installed files to '/home/maddy/drone_ws/build/drone_rl/install.log'
[0.679s] Invoked command in '/home/maddy/drone_ws/src/drone_rl' returned '0': PYTHONPATH=/home/maddy/drone_ws/build/drone_rl/prefix_override:/usr/lib/python3/dist-packages/colcon_core/task/python/colcon_distutils_commands:/home/maddy/drone_ws/install/drone_rl/lib/python3.10/site-packages:${PYTHONPATH} /usr/bin/python3 -W ignore:setup.py install is deprecated -W ignore:easy_install command is deprecated setup.py egg_info --egg-base ../../build/drone_rl build --build-base /home/maddy/drone_ws/build/drone_rl/build install --record /home/maddy/drone_ws/build/drone_rl/install.log --single-version-externally-managed install_data
