running egg_info
creating ../../build/drone_rl/drone_rl.egg-info
writing ../../build/drone_rl/drone_rl.egg-info/PKG-INFO
writing dependency_links to ../../build/drone_rl/drone_rl.egg-info/dependency_links.txt
writing entry points to ../../build/drone_rl/drone_rl.egg-info/entry_points.txt
writing requirements to ../../build/drone_rl/drone_rl.egg-info/requires.txt
writing top-level names to ../../build/drone_rl/drone_rl.egg-info/top_level.txt
writing manifest file '../../build/drone_rl/drone_rl.egg-info/SOURCES.txt'
reading manifest file '../../build/drone_rl/drone_rl.egg-info/SOURCES.txt'
writing manifest file '../../build/drone_rl/drone_rl.egg-info/SOURCES.txt'
running build
running build_py
creating /home/maddy/drone_ws/build/drone_rl/build
creating /home/maddy/drone_ws/build/drone_rl/build/lib
creating /home/maddy/drone_ws/build/drone_rl/build/lib/drone_rl
copying drone_rl/environment_interface.py -> /home/maddy/drone_ws/build/drone_rl/build/lib/drone_rl
copying drone_rl/q_learning_agent.py -> /home/maddy/drone_ws/build/drone_rl/build/lib/drone_rl
copying drone_rl/exploration_metrics.py -> /home/maddy/drone_ws/build/drone_rl/build/lib/drone_rl
copying drone_rl/__init__.py -> /home/maddy/drone_ws/build/drone_rl/build/lib/drone_rl
running install
running install_lib
running install_data
copying package.xml -> /home/maddy/drone_ws/install/drone_rl/share/drone_rl
copying config/drone_exploration_robust.rviz -> /home/maddy/drone_ws/install/drone_rl/share/drone_rl/config
copying worlds/maze_world.world -> /home/maddy/drone_ws/install/drone_rl/share/drone_rl/worlds
copying worlds/rooms_world.world -> /home/maddy/drone_ws/install/drone_rl/share/drone_rl/worlds
copying worlds/scattered_world.world -> /home/maddy/drone_ws/install/drone_rl/share/drone_rl/worlds
running install_egg_info
removing '/home/maddy/drone_ws/install/drone_rl/lib/python3.10/site-packages/drone_rl-1.0.0-py3.10.egg-info' (and everything under it)
Copying ../../build/drone_rl/drone_rl.egg-info to /home/maddy/drone_ws/install/drone_rl/lib/python3.10/site-packages/drone_rl-1.0.0-py3.10.egg-info
running install_scripts
Installing environment_interface script to /home/maddy/drone_ws/install/drone_rl/bin
Installing exploration_metrics script to /home/maddy/drone_ws/install/drone_rl/bin
Installing q_learning_agent script to /home/maddy/drone_ws/install/drone_rl/bin
writing list of installed files to '/home/maddy/drone_ws/build/drone_rl/install.log'
