[0.587s] Invoking command in '/home/maddy/drone_ws/src/drone_rl': PYTHONPATH=/home/maddy/drone_ws/build/drone_rl/prefix_override:/usr/lib/python3/dist-packages/colcon_core/task/python/colcon_distutils_commands:/home/maddy/drone_ws/install/drone_rl/lib/python3.10/site-packages:${PYTHONPATH} /usr/bin/python3 -W ignore:setup.py install is deprecated -W ignore:easy_install command is deprecated setup.py egg_info --egg-base ../../build/drone_rl build --build-base /home/maddy/drone_ws/build/drone_rl/build install --record /home/maddy/drone_ws/build/drone_rl/install.log --single-version-externally-managed install_data
[0.753s] running egg_info
[0.753s] creating ../../build/drone_rl/drone_rl.egg-info
[0.762s] writing ../../build/drone_rl/drone_rl.egg-info/PKG-INFO
[0.763s] writing dependency_links to ../../build/drone_rl/drone_rl.egg-info/dependency_links.txt
[0.763s] writing entry points to ../../build/drone_rl/drone_rl.egg-info/entry_points.txt
[0.763s] writing requirements to ../../build/drone_rl/drone_rl.egg-info/requires.txt
[0.763s] writing top-level names to ../../build/drone_rl/drone_rl.egg-info/top_level.txt
[0.763s] writing manifest file '../../build/drone_rl/drone_rl.egg-info/SOURCES.txt'
[0.765s] reading manifest file '../../build/drone_rl/drone_rl.egg-info/SOURCES.txt'
[0.765s] writing manifest file '../../build/drone_rl/drone_rl.egg-info/SOURCES.txt'
[0.765s] running build
[0.765s] running build_py
[0.765s] creating /home/maddy/drone_ws/build/drone_rl/build
[0.766s] creating /home/maddy/drone_ws/build/drone_rl/build/lib
[0.766s] creating /home/maddy/drone_ws/build/drone_rl/build/lib/drone_rl
[0.766s] copying drone_rl/environment_interface.py -> /home/maddy/drone_ws/build/drone_rl/build/lib/drone_rl
[0.766s] copying drone_rl/q_learning_agent.py -> /home/maddy/drone_ws/build/drone_rl/build/lib/drone_rl
[0.766s] copying drone_rl/exploration_metrics.py -> /home/maddy/drone_ws/build/drone_rl/build/lib/drone_rl
[0.766s] copying drone_rl/__init__.py -> /home/maddy/drone_ws/build/drone_rl/build/lib/drone_rl
[0.766s] running install
[0.766s] running install_lib
[0.767s] running install_data
[0.767s] copying package.xml -> /home/maddy/drone_ws/install/drone_rl/share/drone_rl
[0.767s] copying config/drone_exploration_robust.rviz -> /home/maddy/drone_ws/install/drone_rl/share/drone_rl/config
[0.767s] copying worlds/maze_world.world -> /home/maddy/drone_ws/install/drone_rl/share/drone_rl/worlds
[0.767s] copying worlds/rooms_world.world -> /home/maddy/drone_ws/install/drone_rl/share/drone_rl/worlds
[0.767s] copying worlds/scattered_world.world -> /home/maddy/drone_ws/install/drone_rl/share/drone_rl/worlds
[0.767s] running install_egg_info
[0.768s] removing '/home/maddy/drone_ws/install/drone_rl/lib/python3.10/site-packages/drone_rl-1.0.0-py3.10.egg-info' (and everything under it)
[0.769s] Copying ../../build/drone_rl/drone_rl.egg-info to /home/maddy/drone_ws/install/drone_rl/lib/python3.10/site-packages/drone_rl-1.0.0-py3.10.egg-info
[0.769s] running install_scripts
[0.784s] Installing environment_interface script to /home/maddy/drone_ws/install/drone_rl/bin
[0.784s] Installing exploration_metrics script to /home/maddy/drone_ws/install/drone_rl/bin
[0.784s] Installing q_learning_agent script to /home/maddy/drone_ws/install/drone_rl/bin
[0.784s] writing list of installed files to '/home/maddy/drone_ws/build/drone_rl/install.log'
[0.804s] Invoked command in '/home/maddy/drone_ws/src/drone_rl' returned '0': PYTHONPATH=/home/maddy/drone_ws/build/drone_rl/prefix_override:/usr/lib/python3/dist-packages/colcon_core/task/python/colcon_distutils_commands:/home/maddy/drone_ws/install/drone_rl/lib/python3.10/site-packages:${PYTHONPATH} /usr/bin/python3 -W ignore:setup.py install is deprecated -W ignore:easy_install command is deprecated setup.py egg_info --egg-base ../../build/drone_rl build --build-base /home/maddy/drone_ws/build/drone_rl/build install --record /home/maddy/drone_ws/build/drone_rl/install.log --single-version-externally-managed install_data
