[0.541s] Invoking command in '/home/maddy/drone_ws/build/drone_rl': PYTHONPATH=/home/maddy/drone_ws/build/drone_rl/prefix_override:/usr/lib/python3/dist-packages/colcon_core/task/python/colcon_distutils_commands:/home/maddy/drone_ws/install/drone_rl/lib/python3.10/site-packages:${PYTHONPATH} /usr/bin/python3 -W ignore:setup.py install is deprecated -W ignore:easy_install command is deprecated setup.py develop --uninstall --editable --build-directory /home/maddy/drone_ws/build/drone_rl/build
[0.731s] running develop
[0.864s] Removing /home/maddy/drone_ws/install/drone_rl/lib/python3.10/site-packages/drone-rl.egg-link (link to .)
[0.893s] Invoked command in '/home/maddy/drone_ws/build/drone_rl' returned '0': PYTHONPATH=/home/maddy/drone_ws/build/drone_rl/prefix_override:/usr/lib/python3/dist-packages/colcon_core/task/python/colcon_distutils_commands:/home/maddy/drone_ws/install/drone_rl/lib/python3.10/site-packages:${PYTHONPATH} /usr/bin/python3 -W ignore:setup.py install is deprecated -W ignore:easy_install command is deprecated setup.py develop --uninstall --editable --build-directory /home/maddy/drone_ws/build/drone_rl/build
[0.894s] Invoking command in '/home/maddy/drone_ws/src/drone_rl': PYTHONPATH=/home/maddy/drone_ws/build/drone_rl/prefix_override:/usr/lib/python3/dist-packages/colcon_core/task/python/colcon_distutils_commands:/home/maddy/drone_ws/install/drone_rl/lib/python3.10/site-packages:${PYTHONPATH} /usr/bin/python3 -W ignore:setup.py install is deprecated -W ignore:easy_install command is deprecated setup.py egg_info --egg-base ../../build/drone_rl build --build-base /home/maddy/drone_ws/build/drone_rl/build install --record /home/maddy/drone_ws/build/drone_rl/install.log --single-version-externally-managed install_data --force
[1.062s] running egg_info
[1.062s] writing ../../build/drone_rl/drone_rl.egg-info/PKG-INFO
[1.063s] writing dependency_links to ../../build/drone_rl/drone_rl.egg-info/dependency_links.txt
[1.063s] writing entry points to ../../build/drone_rl/drone_rl.egg-info/entry_points.txt
[1.063s] writing requirements to ../../build/drone_rl/drone_rl.egg-info/requires.txt
[1.063s] writing top-level names to ../../build/drone_rl/drone_rl.egg-info/top_level.txt
[1.064s] reading manifest file '../../build/drone_rl/drone_rl.egg-info/SOURCES.txt'
[1.064s] writing manifest file '../../build/drone_rl/drone_rl.egg-info/SOURCES.txt'
[1.064s] running build
[1.064s] running build_py
[1.065s] copying drone_rl/q_learning_agent.py -> /home/maddy/drone_ws/build/drone_rl/build/lib/drone_rl
[1.065s] copying drone_rl/exploration_metrics.py -> /home/maddy/drone_ws/build/drone_rl/build/lib/drone_rl
[1.065s] running install
[1.065s] running install_lib
[1.065s] creating /home/maddy/drone_ws/install/drone_rl/lib/python3.10/site-packages/drone_rl
[1.065s] copying /home/maddy/drone_ws/build/drone_rl/build/lib/drone_rl/environment_interface.py -> /home/maddy/drone_ws/install/drone_rl/lib/python3.10/site-packages/drone_rl
[1.065s] copying /home/maddy/drone_ws/build/drone_rl/build/lib/drone_rl/q_learning_agent.py -> /home/maddy/drone_ws/install/drone_rl/lib/python3.10/site-packages/drone_rl
[1.066s] copying /home/maddy/drone_ws/build/drone_rl/build/lib/drone_rl/exploration_metrics.py -> /home/maddy/drone_ws/install/drone_rl/lib/python3.10/site-packages/drone_rl
[1.066s] copying /home/maddy/drone_ws/build/drone_rl/build/lib/drone_rl/__init__.py -> /home/maddy/drone_ws/install/drone_rl/lib/python3.10/site-packages/drone_rl
[1.066s] byte-compiling /home/maddy/drone_ws/install/drone_rl/lib/python3.10/site-packages/drone_rl/environment_interface.py to environment_interface.cpython-310.pyc
[1.067s] byte-compiling /home/maddy/drone_ws/install/drone_rl/lib/python3.10/site-packages/drone_rl/q_learning_agent.py to q_learning_agent.cpython-310.pyc
[1.068s] byte-compiling /home/maddy/drone_ws/install/drone_rl/lib/python3.10/site-packages/drone_rl/exploration_metrics.py to exploration_metrics.cpython-310.pyc
[1.069s] byte-compiling /home/maddy/drone_ws/install/drone_rl/lib/python3.10/site-packages/drone_rl/__init__.py to __init__.cpython-310.pyc
[1.069s] running install_data
[1.070s] copying resource/drone_rl -> /home/maddy/drone_ws/install/drone_rl/share/ament_index/resource_index/packages
[1.070s] copying package.xml -> /home/maddy/drone_ws/install/drone_rl/share/drone_rl
[1.070s] copying launch/sim_launch.py -> /home/maddy/drone_ws/install/drone_rl/share/drone_rl/launch
[1.070s] copying launch/test_launch.py -> /home/maddy/drone_ws/install/drone_rl/share/drone_rl/launch
[1.070s] copying config/drone_config.yaml -> /home/maddy/drone_ws/install/drone_rl/share/drone_rl/config
[1.070s] copying config/drone_exploration.rviz -> /home/maddy/drone_ws/install/drone_rl/share/drone_rl/config
[1.070s] copying urdf/drone.urdf.xacro -> /home/maddy/drone_ws/install/drone_rl/share/drone_rl/urdf
[1.070s] copying urdf/drone_simple.urdf -> /home/maddy/drone_ws/install/drone_rl/share/drone_rl/urdf
[1.070s] copying worlds/exploration_world.world -> /home/maddy/drone_ws/install/drone_rl/share/drone_rl/worlds
[1.070s] copying scripts/quick_start.sh -> /home/maddy/drone_ws/install/drone_rl/share/drone_rl/scripts
[1.070s] running install_egg_info
[1.071s] Copying ../../build/drone_rl/drone_rl.egg-info to /home/maddy/drone_ws/install/drone_rl/lib/python3.10/site-packages/drone_rl-1.0.0-py3.10.egg-info
[1.072s] running install_scripts
[1.086s] Installing environment_interface script to /home/maddy/drone_ws/install/drone_rl/bin
[1.086s] Installing exploration_metrics script to /home/maddy/drone_ws/install/drone_rl/bin
[1.087s] Installing q_learning_agent script to /home/maddy/drone_ws/install/drone_rl/bin
[1.087s] writing list of installed files to '/home/maddy/drone_ws/build/drone_rl/install.log'
[1.111s] Invoked command in '/home/maddy/drone_ws/src/drone_rl' returned '0': PYTHONPATH=/home/maddy/drone_ws/build/drone_rl/prefix_override:/usr/lib/python3/dist-packages/colcon_core/task/python/colcon_distutils_commands:/home/maddy/drone_ws/install/drone_rl/lib/python3.10/site-packages:${PYTHONPATH} /usr/bin/python3 -W ignore:setup.py install is deprecated -W ignore:easy_install command is deprecated setup.py egg_info --egg-base ../../build/drone_rl build --build-base /home/maddy/drone_ws/build/drone_rl/build install --record /home/maddy/drone_ws/build/drone_rl/install.log --single-version-externally-managed install_data --force
