running develop
running egg_info
writing drone_rl.egg-info/PKG-INFO
writing dependency_links to drone_rl.egg-info/dependency_links.txt
writing entry points to drone_rl.egg-info/entry_points.txt
writing requirements to drone_rl.egg-info/requires.txt
writing top-level names to drone_rl.egg-info/top_level.txt
reading manifest file 'drone_rl.egg-info/SOURCES.txt'
writing manifest file 'drone_rl.egg-info/SOURCES.txt'
running build_ext
Creating /home/maddy/drone_ws/install/drone_rl/lib/python3.10/site-packages/drone-rl.egg-link (link to .)
Installing environment_interface script to /home/maddy/drone_ws/install/drone_rl/bin
Installing exploration_metrics script to /home/maddy/drone_ws/install/drone_rl/bin
Installing q_learning_agent script to /home/maddy/drone_ws/install/drone_rl/bin

Installed /home/maddy/drone_ws/build/drone_rl
running symlink_data
symbolically linking /home/maddy/drone_ws/build/drone_rl/resource/drone_rl -> /home/maddy/drone_ws/install/drone_rl/share/ament_index/resource_index/packages
symbolically linking /home/maddy/drone_ws/build/drone_rl/package.xml -> /home/maddy/drone_ws/install/drone_rl/share/drone_rl
symbolically linking /home/maddy/drone_ws/build/drone_rl/launch/sim_launch.py -> /home/maddy/drone_ws/install/drone_rl/share/drone_rl/launch
symbolically linking /home/maddy/drone_ws/build/drone_rl/launch/test_launch.py -> /home/maddy/drone_ws/install/drone_rl/share/drone_rl/launch
symbolically linking /home/maddy/drone_ws/build/drone_rl/config/drone_config.yaml -> /home/maddy/drone_ws/install/drone_rl/share/drone_rl/config
symbolically linking /home/maddy/drone_ws/build/drone_rl/config/drone_exploration.rviz -> /home/maddy/drone_ws/install/drone_rl/share/drone_rl/config
symbolically linking /home/maddy/drone_ws/build/drone_rl/urdf/drone.urdf.xacro -> /home/maddy/drone_ws/install/drone_rl/share/drone_rl/urdf
symbolically linking /home/maddy/drone_ws/build/drone_rl/urdf/drone_simple.urdf -> /home/maddy/drone_ws/install/drone_rl/share/drone_rl/urdf
symbolically linking /home/maddy/drone_ws/build/drone_rl/worlds/exploration_world.world -> /home/maddy/drone_ws/install/drone_rl/share/drone_rl/worlds
symbolically linking /home/maddy/drone_ws/build/drone_rl/scripts/quick_start.sh -> /home/maddy/drone_ws/install/drone_rl/share/drone_rl/scripts
