[0.493s] Invoking command in '/home/maddy/drone_ws/src/drone_rl': PYTHONPATH=/home/maddy/drone_ws/src/build/drone_rl/prefix_override:/usr/lib/python3/dist-packages/colcon_core/task/python/colcon_distutils_commands:/home/maddy/drone_ws/src/install/drone_rl/lib/python3.10/site-packages:${PYTHONPATH} /usr/bin/python3 -W ignore:setup.py install is deprecated -W ignore:easy_install command is deprecated setup.py egg_info --egg-base ../build/drone_rl build --build-base /home/maddy/drone_ws/src/build/drone_rl/build install --record /home/maddy/drone_ws/src/build/drone_rl/install.log --single-version-externally-managed install_data
[0.653s] running egg_info
[0.653s] creating ../build/drone_rl/drone_rl.egg-info
[0.653s] writing ../build/drone_rl/drone_rl.egg-info/PKG-INFO
[0.653s] writing dependency_links to ../build/drone_rl/drone_rl.egg-info/dependency_links.txt
[0.654s] writing entry points to ../build/drone_rl/drone_rl.egg-info/entry_points.txt
[0.654s] writing requirements to ../build/drone_rl/drone_rl.egg-info/requires.txt
[0.654s] writing top-level names to ../build/drone_rl/drone_rl.egg-info/top_level.txt
[0.654s] writing manifest file '../build/drone_rl/drone_rl.egg-info/SOURCES.txt'
[0.655s] reading manifest file '../build/drone_rl/drone_rl.egg-info/SOURCES.txt'
[0.655s] writing manifest file '../build/drone_rl/drone_rl.egg-info/SOURCES.txt'
[0.655s] running build
[0.655s] running build_py
[0.655s] creating /home/maddy/drone_ws/src/build/drone_rl/build
[0.655s] creating /home/maddy/drone_ws/src/build/drone_rl/build/lib
[0.655s] creating /home/maddy/drone_ws/src/build/drone_rl/build/lib/drone_rl
[0.655s] copying drone_rl/environment_interface.py -> /home/maddy/drone_ws/src/build/drone_rl/build/lib/drone_rl
[0.655s] copying drone_rl/q_learning_agent.py -> /home/maddy/drone_ws/src/build/drone_rl/build/lib/drone_rl
[0.655s] copying drone_rl/exploration_metrics.py -> /home/maddy/drone_ws/src/build/drone_rl/build/lib/drone_rl
[0.655s] copying drone_rl/__init__.py -> /home/maddy/drone_ws/src/build/drone_rl/build/lib/drone_rl
[0.656s] running install
[0.656s] running install_lib
[0.656s] creating /home/maddy/drone_ws/src/install/drone_rl/lib/python3.10/site-packages/drone_rl
[0.656s] copying /home/maddy/drone_ws/src/build/drone_rl/build/lib/drone_rl/environment_interface.py -> /home/maddy/drone_ws/src/install/drone_rl/lib/python3.10/site-packages/drone_rl
[0.656s] copying /home/maddy/drone_ws/src/build/drone_rl/build/lib/drone_rl/q_learning_agent.py -> /home/maddy/drone_ws/src/install/drone_rl/lib/python3.10/site-packages/drone_rl
[0.656s] copying /home/maddy/drone_ws/src/build/drone_rl/build/lib/drone_rl/exploration_metrics.py -> /home/maddy/drone_ws/src/install/drone_rl/lib/python3.10/site-packages/drone_rl
[0.656s] copying /home/maddy/drone_ws/src/build/drone_rl/build/lib/drone_rl/__init__.py -> /home/maddy/drone_ws/src/install/drone_rl/lib/python3.10/site-packages/drone_rl
[0.657s] byte-compiling /home/maddy/drone_ws/src/install/drone_rl/lib/python3.10/site-packages/drone_rl/environment_interface.py to environment_interface.cpython-310.pyc
[0.659s] byte-compiling /home/maddy/drone_ws/src/install/drone_rl/lib/python3.10/site-packages/drone_rl/q_learning_agent.py to q_learning_agent.cpython-310.pyc
[0.660s] byte-compiling /home/maddy/drone_ws/src/install/drone_rl/lib/python3.10/site-packages/drone_rl/exploration_metrics.py to exploration_metrics.cpython-310.pyc
[0.661s] byte-compiling /home/maddy/drone_ws/src/install/drone_rl/lib/python3.10/site-packages/drone_rl/__init__.py to __init__.cpython-310.pyc
[0.661s] running install_data
[0.661s] creating /home/maddy/drone_ws/src/install/drone_rl/share/ament_index
[0.661s] creating /home/maddy/drone_ws/src/install/drone_rl/share/ament_index/resource_index
[0.661s] creating /home/maddy/drone_ws/src/install/drone_rl/share/ament_index/resource_index/packages
[0.661s] copying resource/drone_rl -> /home/maddy/drone_ws/src/install/drone_rl/share/ament_index/resource_index/packages
[0.661s] copying package.xml -> /home/maddy/drone_ws/src/install/drone_rl/share/drone_rl
[0.661s] creating /home/maddy/drone_ws/src/install/drone_rl/share/drone_rl/launch
[0.661s] copying launch/sim_launch.py -> /home/maddy/drone_ws/src/install/drone_rl/share/drone_rl/launch
[0.661s] creating /home/maddy/drone_ws/src/install/drone_rl/share/drone_rl/config
[0.661s] copying config/drone_config.yaml -> /home/maddy/drone_ws/src/install/drone_rl/share/drone_rl/config
[0.661s] copying config/drone_exploration.rviz -> /home/maddy/drone_ws/src/install/drone_rl/share/drone_rl/config
[0.661s] creating /home/maddy/drone_ws/src/install/drone_rl/share/drone_rl/urdf
[0.661s] copying urdf/drone.urdf.xacro -> /home/maddy/drone_ws/src/install/drone_rl/share/drone_rl/urdf
[0.661s] creating /home/maddy/drone_ws/src/install/drone_rl/share/drone_rl/worlds
[0.662s] copying worlds/exploration_world.world -> /home/maddy/drone_ws/src/install/drone_rl/share/drone_rl/worlds
[0.662s] creating /home/maddy/drone_ws/src/install/drone_rl/share/drone_rl/scripts
[0.662s] copying scripts/quick_start.sh -> /home/maddy/drone_ws/src/install/drone_rl/share/drone_rl/scripts
[0.662s] running install_egg_info
[0.663s] Copying ../build/drone_rl/drone_rl.egg-info to /home/maddy/drone_ws/src/install/drone_rl/lib/python3.10/site-packages/drone_rl-1.0.0-py3.10.egg-info
[0.663s] running install_scripts
[0.676s] Installing environment_interface script to /home/maddy/drone_ws/src/install/drone_rl/bin
[0.676s] Installing exploration_metrics script to /home/maddy/drone_ws/src/install/drone_rl/bin
[0.676s] Installing q_learning_agent script to /home/maddy/drone_ws/src/install/drone_rl/bin
[0.677s] writing list of installed files to '/home/maddy/drone_ws/src/build/drone_rl/install.log'
[0.702s] Invoked command in '/home/maddy/drone_ws/src/drone_rl' returned '0': PYTHONPATH=/home/maddy/drone_ws/src/build/drone_rl/prefix_override:/usr/lib/python3/dist-packages/colcon_core/task/python/colcon_distutils_commands:/home/maddy/drone_ws/src/install/drone_rl/lib/python3.10/site-packages:${PYTHONPATH} /usr/bin/python3 -W ignore:setup.py install is deprecated -W ignore:easy_install command is deprecated setup.py egg_info --egg-base ../build/drone_rl build --build-base /home/maddy/drone_ws/src/build/drone_rl/build install --record /home/maddy/drone_ws/src/build/drone_rl/install.log --single-version-externally-managed install_data
